[18-Apr-2021 21:20:25 UTC] PHP Notice:  Undefined variable: metadata_275 in /Users/julie/Documents/GitHub/wopi2021/wp-content/mu-plugins/jcp-meta_box/jcp-meta_box_salle.php on line 88
[18-Apr-2021 21:20:41 UTC] PHP Notice:  Undefined variable: metadata_275 in /Users/julie/Documents/GitHub/wopi2021/wp-content/mu-plugins/jcp-meta_box/jcp-meta_box_salle.php on line 88
[18-Apr-2021 21:21:07 UTC] PHP Notice:  Undefined variable: metadata_275 in /Users/julie/Documents/GitHub/wopi2021/wp-content/mu-plugins/jcp-meta_box/jcp-meta_box_salle.php on line 88
[18-Apr-2021 21:22:07 UTC] PHP Notice:  Undefined variable: metadata_275 in /Users/julie/Documents/GitHub/wopi2021/wp-content/mu-plugins/jcp-meta_box/jcp-meta_box_salle.php on line 88
[18-Apr-2021 21:22:20 UTC] PHP Notice:  Undefined variable: metadata_275 in /Users/julie/Documents/GitHub/wopi2021/wp-content/mu-plugins/jcp-meta_box/jcp-meta_box_salle.php on line 88
[18-Apr-2021 21:46:47 UTC] PHP Notice:  Undefined variable: select_lieu in /Users/julie/Documents/GitHub/wopi2021/wp-content/mu-plugins/jcp-meta_box/jcp-meta_box_concert.php on line 163
[18-Apr-2021 21:46:47 UTC] PHP Notice:  Undefined variable: select_lieu in /Users/julie/Documents/GitHub/wopi2021/wp-content/mu-plugins/jcp-meta_box/jcp-meta_box_concert.php on line 163
[18-Apr-2021 21:46:47 UTC] PHP Notice:  Undefined variable: select_lieu in /Users/julie/Documents/GitHub/wopi2021/wp-content/mu-plugins/jcp-meta_box/jcp-meta_box_concert.php on line 163
[18-Apr-2021 21:46:47 UTC] PHP Notice:  Undefined variable: select_lieu in /Users/julie/Documents/GitHub/wopi2021/wp-content/mu-plugins/jcp-meta_box/jcp-meta_box_concert.php on line 163
[18-Apr-2021 21:46:47 UTC] PHP Notice:  Undefined variable: select_lieu in /Users/julie/Documents/GitHub/wopi2021/wp-content/mu-plugins/jcp-meta_box/jcp-meta_box_concert.php on line 163
[18-Apr-2021 21:46:47 UTC] PHP Notice:  Undefined variable: select_lieu in /Users/julie/Documents/GitHub/wopi2021/wp-content/mu-plugins/jcp-meta_box/jcp-meta_box_concert.php on line 163
[18-Apr-2021 21:46:47 UTC] PHP Notice:  Undefined variable: select_lieu in /Users/julie/Documents/GitHub/wopi2021/wp-content/mu-plugins/jcp-meta_box/jcp-meta_box_concert.php on line 163
[18-Apr-2021 21:46:47 UTC] PHP Notice:  Undefined variable: select_lieu in /Users/julie/Documents/GitHub/wopi2021/wp-content/mu-plugins/jcp-meta_box/jcp-meta_box_concert.php on line 163
[18-Apr-2021 21:46:47 UTC] PHP Notice:  Undefined variable: select_lieu in /Users/julie/Documents/GitHub/wopi2021/wp-content/mu-plugins/jcp-meta_box/jcp-meta_box_concert.php on line 163
[18-Apr-2021 21:46:47 UTC] PHP Notice:  Undefined variable: select_lieu in /Users/julie/Documents/GitHub/wopi2021/wp-content/mu-plugins/jcp-meta_box/jcp-meta_box_concert.php on line 163
[18-Apr-2021 21:46:47 UTC] PHP Notice:  Undefined variable: select_lieu in /Users/julie/Documents/GitHub/wopi2021/wp-content/mu-plugins/jcp-meta_box/jcp-meta_box_concert.php on line 163
[18-Apr-2021 21:46:47 UTC] PHP Notice:  Undefined variable: select_lieu in /Users/julie/Documents/GitHub/wopi2021/wp-content/mu-plugins/jcp-meta_box/jcp-meta_box_concert.php on line 163
[18-Apr-2021 21:46:47 UTC] PHP Notice:  Undefined variable: select_lieu in /Users/julie/Documents/GitHub/wopi2021/wp-content/mu-plugins/jcp-meta_box/jcp-meta_box_concert.php on line 163
[18-Apr-2021 21:46:47 UTC] PHP Notice:  Undefined variable: select_lieu in /Users/julie/Documents/GitHub/wopi2021/wp-content/mu-plugins/jcp-meta_box/jcp-meta_box_concert.php on line 163
[18-Apr-2021 21:46:47 UTC] PHP Notice:  Undefined variable: select_lieu in /Users/julie/Documents/GitHub/wopi2021/wp-content/mu-plugins/jcp-meta_box/jcp-meta_box_concert.php on line 163
[18-Apr-2021 21:46:47 UTC] PHP Notice:  Undefined variable: select_lieu in /Users/julie/Documents/GitHub/wopi2021/wp-content/mu-plugins/jcp-meta_box/jcp-meta_box_concert.php on line 163
[18-Apr-2021 21:46:47 UTC] PHP Notice:  Undefined variable: select_lieu in /Users/julie/Documents/GitHub/wopi2021/wp-content/mu-plugins/jcp-meta_box/jcp-meta_box_concert.php on line 163
[18-Apr-2021 21:46:47 UTC] PHP Notice:  Undefined variable: select_lieu in /Users/julie/Documents/GitHub/wopi2021/wp-content/mu-plugins/jcp-meta_box/jcp-meta_box_concert.php on line 163
[18-Apr-2021 21:46:47 UTC] PHP Notice:  Undefined variable: select_lieu in /Users/julie/Documents/GitHub/wopi2021/wp-content/mu-plugins/jcp-meta_box/jcp-meta_box_concert.php on line 163
[18-Apr-2021 21:46:47 UTC] PHP Notice:  Undefined variable: select_lieu in /Users/julie/Documents/GitHub/wopi2021/wp-content/mu-plugins/jcp-meta_box/jcp-meta_box_concert.php on line 163
[18-Apr-2021 21:47:00 UTC] PHP Notice:  Undefined variable: select_lieu in /Users/julie/Documents/GitHub/wopi2021/wp-content/mu-plugins/jcp-meta_box/jcp-meta_box_concert.php on line 163
[18-Apr-2021 21:47:00 UTC] PHP Notice:  Undefined variable: select_lieu in /Users/julie/Documents/GitHub/wopi2021/wp-content/mu-plugins/jcp-meta_box/jcp-meta_box_concert.php on line 163
[18-Apr-2021 21:47:00 UTC] PHP Notice:  Undefined variable: select_lieu in /Users/julie/Documents/GitHub/wopi2021/wp-content/mu-plugins/jcp-meta_box/jcp-meta_box_concert.php on line 163
[18-Apr-2021 21:47:00 UTC] PHP Notice:  Undefined variable: select_lieu in /Users/julie/Documents/GitHub/wopi2021/wp-content/mu-plugins/jcp-meta_box/jcp-meta_box_concert.php on line 163
[18-Apr-2021 21:47:00 UTC] PHP Notice:  Undefined variable: select_lieu in /Users/julie/Documents/GitHub/wopi2021/wp-content/mu-plugins/jcp-meta_box/jcp-meta_box_concert.php on line 163
[18-Apr-2021 21:47:00 UTC] PHP Notice:  Undefined variable: select_lieu in /Users/julie/Documents/GitHub/wopi2021/wp-content/mu-plugins/jcp-meta_box/jcp-meta_box_concert.php on line 163
[18-Apr-2021 21:47:00 UTC] PHP Notice:  Undefined variable: select_lieu in /Users/julie/Documents/GitHub/wopi2021/wp-content/mu-plugins/jcp-meta_box/jcp-meta_box_concert.php on line 163
[18-Apr-2021 21:47:00 UTC] PHP Notice:  Undefined variable: select_lieu in /Users/julie/Documents/GitHub/wopi2021/wp-content/mu-plugins/jcp-meta_box/jcp-meta_box_concert.php on line 163
[18-Apr-2021 21:47:00 UTC] PHP Notice:  Undefined variable: select_lieu in /Users/julie/Documents/GitHub/wopi2021/wp-content/mu-plugins/jcp-meta_box/jcp-meta_box_concert.php on line 163
[18-Apr-2021 21:47:00 UTC] PHP Notice:  Undefined variable: select_lieu in /Users/julie/Documents/GitHub/wopi2021/wp-content/mu-plugins/jcp-meta_box/jcp-meta_box_concert.php on line 163
[18-Apr-2021 21:47:00 UTC] PHP Notice:  Undefined variable: select_lieu in /Users/julie/Documents/GitHub/wopi2021/wp-content/mu-plugins/jcp-meta_box/jcp-meta_box_concert.php on line 163
[18-Apr-2021 21:47:00 UTC] PHP Notice:  Undefined variable: select_lieu in /Users/julie/Documents/GitHub/wopi2021/wp-content/mu-plugins/jcp-meta_box/jcp-meta_box_concert.php on line 163
[18-Apr-2021 21:47:00 UTC] PHP Notice:  Undefined variable: select_lieu in /Users/julie/Documents/GitHub/wopi2021/wp-content/mu-plugins/jcp-meta_box/jcp-meta_box_concert.php on line 163
[18-Apr-2021 21:47:00 UTC] PHP Notice:  Undefined variable: select_lieu in /Users/julie/Documents/GitHub/wopi2021/wp-content/mu-plugins/jcp-meta_box/jcp-meta_box_concert.php on line 163
[18-Apr-2021 21:47:00 UTC] PHP Notice:  Undefined variable: select_lieu in /Users/julie/Documents/GitHub/wopi2021/wp-content/mu-plugins/jcp-meta_box/jcp-meta_box_concert.php on line 163
[18-Apr-2021 21:47:00 UTC] PHP Notice:  Undefined variable: select_lieu in /Users/julie/Documents/GitHub/wopi2021/wp-content/mu-plugins/jcp-meta_box/jcp-meta_box_concert.php on line 163
[18-Apr-2021 21:47:00 UTC] PHP Notice:  Undefined variable: select_lieu in /Users/julie/Documents/GitHub/wopi2021/wp-content/mu-plugins/jcp-meta_box/jcp-meta_box_concert.php on line 163
[18-Apr-2021 21:47:00 UTC] PHP Notice:  Undefined variable: select_lieu in /Users/julie/Documents/GitHub/wopi2021/wp-content/mu-plugins/jcp-meta_box/jcp-meta_box_concert.php on line 163
[18-Apr-2021 21:47:00 UTC] PHP Notice:  Undefined variable: select_lieu in /Users/julie/Documents/GitHub/wopi2021/wp-content/mu-plugins/jcp-meta_box/jcp-meta_box_concert.php on line 163
[18-Apr-2021 21:47:00 UTC] PHP Notice:  Undefined variable: select_lieu in /Users/julie/Documents/GitHub/wopi2021/wp-content/mu-plugins/jcp-meta_box/jcp-meta_box_concert.php on line 163
[18-Apr-2021 21:47:24 UTC] PHP Notice:  Undefined variable: select_lieu in /Users/julie/Documents/GitHub/wopi2021/wp-content/mu-plugins/jcp-meta_box/jcp-meta_box_concert.php on line 163
[18-Apr-2021 21:47:24 UTC] PHP Notice:  Undefined variable: select_lieu in /Users/julie/Documents/GitHub/wopi2021/wp-content/mu-plugins/jcp-meta_box/jcp-meta_box_concert.php on line 163
[18-Apr-2021 21:47:24 UTC] PHP Notice:  Undefined variable: select_lieu in /Users/julie/Documents/GitHub/wopi2021/wp-content/mu-plugins/jcp-meta_box/jcp-meta_box_concert.php on line 163
[18-Apr-2021 21:47:24 UTC] PHP Notice:  Undefined variable: select_lieu in /Users/julie/Documents/GitHub/wopi2021/wp-content/mu-plugins/jcp-meta_box/jcp-meta_box_concert.php on line 163
[18-Apr-2021 21:47:24 UTC] PHP Notice:  Undefined variable: select_lieu in /Users/julie/Documents/GitHub/wopi2021/wp-content/mu-plugins/jcp-meta_box/jcp-meta_box_concert.php on line 163
[18-Apr-2021 21:47:24 UTC] PHP Notice:  Undefined variable: select_lieu in /Users/julie/Documents/GitHub/wopi2021/wp-content/mu-plugins/jcp-meta_box/jcp-meta_box_concert.php on line 163
[18-Apr-2021 21:47:24 UTC] PHP Notice:  Undefined variable: select_lieu in /Users/julie/Documents/GitHub/wopi2021/wp-content/mu-plugins/jcp-meta_box/jcp-meta_box_concert.php on line 163
[18-Apr-2021 21:47:24 UTC] PHP Notice:  Undefined variable: select_lieu in /Users/julie/Documents/GitHub/wopi2021/wp-content/mu-plugins/jcp-meta_box/jcp-meta_box_concert.php on line 163
[18-Apr-2021 21:47:24 UTC] PHP Notice:  Undefined variable: select_lieu in /Users/julie/Documents/GitHub/wopi2021/wp-content/mu-plugins/jcp-meta_box/jcp-meta_box_concert.php on line 163
[18-Apr-2021 21:47:24 UTC] PHP Notice:  Undefined variable: select_lieu in /Users/julie/Documents/GitHub/wopi2021/wp-content/mu-plugins/jcp-meta_box/jcp-meta_box_concert.php on line 163
[18-Apr-2021 21:47:24 UTC] PHP Notice:  Undefined variable: select_lieu in /Users/julie/Documents/GitHub/wopi2021/wp-content/mu-plugins/jcp-meta_box/jcp-meta_box_concert.php on line 163
[18-Apr-2021 21:47:24 UTC] PHP Notice:  Undefined variable: select_lieu in /Users/julie/Documents/GitHub/wopi2021/wp-content/mu-plugins/jcp-meta_box/jcp-meta_box_concert.php on line 163
[18-Apr-2021 21:47:24 UTC] PHP Notice:  Undefined variable: select_lieu in /Users/julie/Documents/GitHub/wopi2021/wp-content/mu-plugins/jcp-meta_box/jcp-meta_box_concert.php on line 163
[18-Apr-2021 21:47:24 UTC] PHP Notice:  Undefined variable: select_lieu in /Users/julie/Documents/GitHub/wopi2021/wp-content/mu-plugins/jcp-meta_box/jcp-meta_box_concert.php on line 163
[18-Apr-2021 21:47:24 UTC] PHP Notice:  Undefined variable: select_lieu in /Users/julie/Documents/GitHub/wopi2021/wp-content/mu-plugins/jcp-meta_box/jcp-meta_box_concert.php on line 163
[18-Apr-2021 21:47:24 UTC] PHP Notice:  Undefined variable: select_lieu in /Users/julie/Documents/GitHub/wopi2021/wp-content/mu-plugins/jcp-meta_box/jcp-meta_box_concert.php on line 163
[18-Apr-2021 21:47:24 UTC] PHP Notice:  Undefined variable: select_lieu in /Users/julie/Documents/GitHub/wopi2021/wp-content/mu-plugins/jcp-meta_box/jcp-meta_box_concert.php on line 163
[18-Apr-2021 21:47:24 UTC] PHP Notice:  Undefined variable: select_lieu in /Users/julie/Documents/GitHub/wopi2021/wp-content/mu-plugins/jcp-meta_box/jcp-meta_box_concert.php on line 163
[18-Apr-2021 21:47:24 UTC] PHP Notice:  Undefined variable: select_lieu in /Users/julie/Documents/GitHub/wopi2021/wp-content/mu-plugins/jcp-meta_box/jcp-meta_box_concert.php on line 163
[18-Apr-2021 21:47:24 UTC] PHP Notice:  Undefined variable: select_lieu in /Users/julie/Documents/GitHub/wopi2021/wp-content/mu-plugins/jcp-meta_box/jcp-meta_box_concert.php on line 163
[18-Apr-2021 21:48:09 UTC] PHP Notice:  Undefined variable: select_lieu in /Users/julie/Documents/GitHub/wopi2021/wp-content/mu-plugins/jcp-meta_box/jcp-meta_box_concert.php on line 163
[18-Apr-2021 21:48:09 UTC] PHP Notice:  Undefined variable: select_lieu in /Users/julie/Documents/GitHub/wopi2021/wp-content/mu-plugins/jcp-meta_box/jcp-meta_box_concert.php on line 163
[18-Apr-2021 21:48:09 UTC] PHP Notice:  Undefined variable: select_lieu in /Users/julie/Documents/GitHub/wopi2021/wp-content/mu-plugins/jcp-meta_box/jcp-meta_box_concert.php on line 163
[18-Apr-2021 21:48:09 UTC] PHP Notice:  Undefined variable: select_lieu in /Users/julie/Documents/GitHub/wopi2021/wp-content/mu-plugins/jcp-meta_box/jcp-meta_box_concert.php on line 163
[18-Apr-2021 21:48:09 UTC] PHP Notice:  Undefined variable: select_lieu in /Users/julie/Documents/GitHub/wopi2021/wp-content/mu-plugins/jcp-meta_box/jcp-meta_box_concert.php on line 163
[18-Apr-2021 21:48:09 UTC] PHP Notice:  Undefined variable: select_lieu in /Users/julie/Documents/GitHub/wopi2021/wp-content/mu-plugins/jcp-meta_box/jcp-meta_box_concert.php on line 163
[18-Apr-2021 21:48:09 UTC] PHP Notice:  Undefined variable: select_lieu in /Users/julie/Documents/GitHub/wopi2021/wp-content/mu-plugins/jcp-meta_box/jcp-meta_box_concert.php on line 163
[18-Apr-2021 21:48:09 UTC] PHP Notice:  Undefined variable: select_lieu in /Users/julie/Documents/GitHub/wopi2021/wp-content/mu-plugins/jcp-meta_box/jcp-meta_box_concert.php on line 163
[18-Apr-2021 21:48:09 UTC] PHP Notice:  Undefined variable: select_lieu in /Users/julie/Documents/GitHub/wopi2021/wp-content/mu-plugins/jcp-meta_box/jcp-meta_box_concert.php on line 163
[18-Apr-2021 21:48:09 UTC] PHP Notice:  Undefined variable: select_lieu in /Users/julie/Documents/GitHub/wopi2021/wp-content/mu-plugins/jcp-meta_box/jcp-meta_box_concert.php on line 163
[18-Apr-2021 21:48:09 UTC] PHP Notice:  Undefined variable: select_lieu in /Users/julie/Documents/GitHub/wopi2021/wp-content/mu-plugins/jcp-meta_box/jcp-meta_box_concert.php on line 163
[18-Apr-2021 21:48:09 UTC] PHP Notice:  Undefined variable: select_lieu in /Users/julie/Documents/GitHub/wopi2021/wp-content/mu-plugins/jcp-meta_box/jcp-meta_box_concert.php on line 163
[18-Apr-2021 21:48:09 UTC] PHP Notice:  Undefined variable: select_lieu in /Users/julie/Documents/GitHub/wopi2021/wp-content/mu-plugins/jcp-meta_box/jcp-meta_box_concert.php on line 163
[18-Apr-2021 21:48:09 UTC] PHP Notice:  Undefined variable: select_lieu in /Users/julie/Documents/GitHub/wopi2021/wp-content/mu-plugins/jcp-meta_box/jcp-meta_box_concert.php on line 163
[18-Apr-2021 21:48:09 UTC] PHP Notice:  Undefined variable: select_lieu in /Users/julie/Documents/GitHub/wopi2021/wp-content/mu-plugins/jcp-meta_box/jcp-meta_box_concert.php on line 163
[18-Apr-2021 21:48:09 UTC] PHP Notice:  Undefined variable: select_lieu in /Users/julie/Documents/GitHub/wopi2021/wp-content/mu-plugins/jcp-meta_box/jcp-meta_box_concert.php on line 163
[18-Apr-2021 21:48:09 UTC] PHP Notice:  Undefined variable: select_lieu in /Users/julie/Documents/GitHub/wopi2021/wp-content/mu-plugins/jcp-meta_box/jcp-meta_box_concert.php on line 163
[18-Apr-2021 21:48:09 UTC] PHP Notice:  Undefined variable: select_lieu in /Users/julie/Documents/GitHub/wopi2021/wp-content/mu-plugins/jcp-meta_box/jcp-meta_box_concert.php on line 163
[18-Apr-2021 21:48:09 UTC] PHP Notice:  Undefined variable: select_lieu in /Users/julie/Documents/GitHub/wopi2021/wp-content/mu-plugins/jcp-meta_box/jcp-meta_box_concert.php on line 163
[18-Apr-2021 21:48:09 UTC] PHP Notice:  Undefined variable: select_lieu in /Users/julie/Documents/GitHub/wopi2021/wp-content/mu-plugins/jcp-meta_box/jcp-meta_box_concert.php on line 163
[18-Apr-2021 21:48:53 UTC] PHP Notice:  Undefined variable: select_lieu in /Users/julie/Documents/GitHub/wopi2021/wp-content/mu-plugins/jcp-meta_box/jcp-meta_box_concert.php on line 163
[18-Apr-2021 21:48:53 UTC] PHP Notice:  Undefined variable: select_lieu in /Users/julie/Documents/GitHub/wopi2021/wp-content/mu-plugins/jcp-meta_box/jcp-meta_box_concert.php on line 163
[18-Apr-2021 21:48:53 UTC] PHP Notice:  Undefined variable: select_lieu in /Users/julie/Documents/GitHub/wopi2021/wp-content/mu-plugins/jcp-meta_box/jcp-meta_box_concert.php on line 163
[18-Apr-2021 21:48:53 UTC] PHP Notice:  Undefined variable: select_lieu in /Users/julie/Documents/GitHub/wopi2021/wp-content/mu-plugins/jcp-meta_box/jcp-meta_box_concert.php on line 163
[18-Apr-2021 21:48:53 UTC] PHP Notice:  Undefined variable: select_lieu in /Users/julie/Documents/GitHub/wopi2021/wp-content/mu-plugins/jcp-meta_box/jcp-meta_box_concert.php on line 163
[18-Apr-2021 21:48:53 UTC] PHP Notice:  Undefined variable: select_lieu in /Users/julie/Documents/GitHub/wopi2021/wp-content/mu-plugins/jcp-meta_box/jcp-meta_box_concert.php on line 163
[18-Apr-2021 21:48:53 UTC] PHP Notice:  Undefined variable: select_lieu in /Users/julie/Documents/GitHub/wopi2021/wp-content/mu-plugins/jcp-meta_box/jcp-meta_box_concert.php on line 163
[18-Apr-2021 21:48:53 UTC] PHP Notice:  Undefined variable: select_lieu in /Users/julie/Documents/GitHub/wopi2021/wp-content/mu-plugins/jcp-meta_box/jcp-meta_box_concert.php on line 163
[18-Apr-2021 21:48:53 UTC] PHP Notice:  Undefined variable: select_lieu in /Users/julie/Documents/GitHub/wopi2021/wp-content/mu-plugins/jcp-meta_box/jcp-meta_box_concert.php on line 163
[18-Apr-2021 21:48:53 UTC] PHP Notice:  Undefined variable: select_lieu in /Users/julie/Documents/GitHub/wopi2021/wp-content/mu-plugins/jcp-meta_box/jcp-meta_box_concert.php on line 163
[18-Apr-2021 21:48:53 UTC] PHP Notice:  Undefined variable: select_lieu in /Users/julie/Documents/GitHub/wopi2021/wp-content/mu-plugins/jcp-meta_box/jcp-meta_box_concert.php on line 163
[18-Apr-2021 21:48:53 UTC] PHP Notice:  Undefined variable: select_lieu in /Users/julie/Documents/GitHub/wopi2021/wp-content/mu-plugins/jcp-meta_box/jcp-meta_box_concert.php on line 163
[18-Apr-2021 21:48:53 UTC] PHP Notice:  Undefined variable: select_lieu in /Users/julie/Documents/GitHub/wopi2021/wp-content/mu-plugins/jcp-meta_box/jcp-meta_box_concert.php on line 163
[18-Apr-2021 21:48:53 UTC] PHP Notice:  Undefined variable: select_lieu in /Users/julie/Documents/GitHub/wopi2021/wp-content/mu-plugins/jcp-meta_box/jcp-meta_box_concert.php on line 163
[18-Apr-2021 21:48:53 UTC] PHP Notice:  Undefined variable: select_lieu in /Users/julie/Documents/GitHub/wopi2021/wp-content/mu-plugins/jcp-meta_box/jcp-meta_box_concert.php on line 163
[18-Apr-2021 21:48:53 UTC] PHP Notice:  Undefined variable: select_lieu in /Users/julie/Documents/GitHub/wopi2021/wp-content/mu-plugins/jcp-meta_box/jcp-meta_box_concert.php on line 163
[18-Apr-2021 21:48:53 UTC] PHP Notice:  Undefined variable: select_lieu in /Users/julie/Documents/GitHub/wopi2021/wp-content/mu-plugins/jcp-meta_box/jcp-meta_box_concert.php on line 163
[18-Apr-2021 21:48:53 UTC] PHP Notice:  Undefined variable: select_lieu in /Users/julie/Documents/GitHub/wopi2021/wp-content/mu-plugins/jcp-meta_box/jcp-meta_box_concert.php on line 163
[18-Apr-2021 21:48:53 UTC] PHP Notice:  Undefined variable: select_lieu in /Users/julie/Documents/GitHub/wopi2021/wp-content/mu-plugins/jcp-meta_box/jcp-meta_box_concert.php on line 163
[18-Apr-2021 21:48:53 UTC] PHP Notice:  Undefined variable: select_lieu in /Users/julie/Documents/GitHub/wopi2021/wp-content/mu-plugins/jcp-meta_box/jcp-meta_box_concert.php on line 163
[18-Apr-2021 21:49:04 UTC] PHP Notice:  Undefined variable: select_lieu in /Users/julie/Documents/GitHub/wopi2021/wp-content/mu-plugins/jcp-meta_box/jcp-meta_box_concert.php on line 163
[18-Apr-2021 21:49:04 UTC] PHP Notice:  Undefined variable: select_lieu in /Users/julie/Documents/GitHub/wopi2021/wp-content/mu-plugins/jcp-meta_box/jcp-meta_box_concert.php on line 163
[18-Apr-2021 21:49:04 UTC] PHP Notice:  Undefined variable: select_lieu in /Users/julie/Documents/GitHub/wopi2021/wp-content/mu-plugins/jcp-meta_box/jcp-meta_box_concert.php on line 163
[18-Apr-2021 21:49:04 UTC] PHP Notice:  Undefined variable: select_lieu in /Users/julie/Documents/GitHub/wopi2021/wp-content/mu-plugins/jcp-meta_box/jcp-meta_box_concert.php on line 163
[18-Apr-2021 21:49:04 UTC] PHP Notice:  Undefined variable: select_lieu in /Users/julie/Documents/GitHub/wopi2021/wp-content/mu-plugins/jcp-meta_box/jcp-meta_box_concert.php on line 163
[18-Apr-2021 21:49:04 UTC] PHP Notice:  Undefined variable: select_lieu in /Users/julie/Documents/GitHub/wopi2021/wp-content/mu-plugins/jcp-meta_box/jcp-meta_box_concert.php on line 163
[18-Apr-2021 21:49:04 UTC] PHP Notice:  Undefined variable: select_lieu in /Users/julie/Documents/GitHub/wopi2021/wp-content/mu-plugins/jcp-meta_box/jcp-meta_box_concert.php on line 163
[18-Apr-2021 21:49:04 UTC] PHP Notice:  Undefined variable: select_lieu in /Users/julie/Documents/GitHub/wopi2021/wp-content/mu-plugins/jcp-meta_box/jcp-meta_box_concert.php on line 163
[18-Apr-2021 21:49:04 UTC] PHP Notice:  Undefined variable: select_lieu in /Users/julie/Documents/GitHub/wopi2021/wp-content/mu-plugins/jcp-meta_box/jcp-meta_box_concert.php on line 163
[18-Apr-2021 21:49:04 UTC] PHP Notice:  Undefined variable: select_lieu in /Users/julie/Documents/GitHub/wopi2021/wp-content/mu-plugins/jcp-meta_box/jcp-meta_box_concert.php on line 163
[18-Apr-2021 21:49:04 UTC] PHP Notice:  Undefined variable: select_lieu in /Users/julie/Documents/GitHub/wopi2021/wp-content/mu-plugins/jcp-meta_box/jcp-meta_box_concert.php on line 163
[18-Apr-2021 21:49:04 UTC] PHP Notice:  Undefined variable: select_lieu in /Users/julie/Documents/GitHub/wopi2021/wp-content/mu-plugins/jcp-meta_box/jcp-meta_box_concert.php on line 163
[18-Apr-2021 21:49:04 UTC] PHP Notice:  Undefined variable: select_lieu in /Users/julie/Documents/GitHub/wopi2021/wp-content/mu-plugins/jcp-meta_box/jcp-meta_box_concert.php on line 163
[18-Apr-2021 21:49:04 UTC] PHP Notice:  Undefined variable: select_lieu in /Users/julie/Documents/GitHub/wopi2021/wp-content/mu-plugins/jcp-meta_box/jcp-meta_box_concert.php on line 163
[18-Apr-2021 21:49:04 UTC] PHP Notice:  Undefined variable: select_lieu in /Users/julie/Documents/GitHub/wopi2021/wp-content/mu-plugins/jcp-meta_box/jcp-meta_box_concert.php on line 163
[18-Apr-2021 21:49:04 UTC] PHP Notice:  Undefined variable: select_lieu in /Users/julie/Documents/GitHub/wopi2021/wp-content/mu-plugins/jcp-meta_box/jcp-meta_box_concert.php on line 163
[18-Apr-2021 21:49:04 UTC] PHP Notice:  Undefined variable: select_lieu in /Users/julie/Documents/GitHub/wopi2021/wp-content/mu-plugins/jcp-meta_box/jcp-meta_box_concert.php on line 163
[18-Apr-2021 21:49:04 UTC] PHP Notice:  Undefined variable: select_lieu in /Users/julie/Documents/GitHub/wopi2021/wp-content/mu-plugins/jcp-meta_box/jcp-meta_box_concert.php on line 163
[18-Apr-2021 21:49:04 UTC] PHP Notice:  Undefined variable: select_lieu in /Users/julie/Documents/GitHub/wopi2021/wp-content/mu-plugins/jcp-meta_box/jcp-meta_box_concert.php on line 163
[18-Apr-2021 21:49:04 UTC] PHP Notice:  Undefined variable: select_lieu in /Users/julie/Documents/GitHub/wopi2021/wp-content/mu-plugins/jcp-meta_box/jcp-meta_box_concert.php on line 163
[18-Apr-2021 21:51:43 UTC] PHP Notice:  Undefined variable: select_lieu in /Users/julie/Documents/GitHub/wopi2021/wp-content/mu-plugins/jcp-meta_box/jcp-meta_box_concert.php on line 163
[18-Apr-2021 21:51:43 UTC] PHP Notice:  Undefined variable: select_lieu in /Users/julie/Documents/GitHub/wopi2021/wp-content/mu-plugins/jcp-meta_box/jcp-meta_box_concert.php on line 163
[18-Apr-2021 21:51:43 UTC] PHP Notice:  Undefined variable: select_lieu in /Users/julie/Documents/GitHub/wopi2021/wp-content/mu-plugins/jcp-meta_box/jcp-meta_box_concert.php on line 163
[18-Apr-2021 21:51:43 UTC] PHP Notice:  Undefined variable: select_lieu in /Users/julie/Documents/GitHub/wopi2021/wp-content/mu-plugins/jcp-meta_box/jcp-meta_box_concert.php on line 163
[18-Apr-2021 21:51:43 UTC] PHP Notice:  Undefined variable: select_lieu in /Users/julie/Documents/GitHub/wopi2021/wp-content/mu-plugins/jcp-meta_box/jcp-meta_box_concert.php on line 163
[18-Apr-2021 21:51:43 UTC] PHP Notice:  Undefined variable: select_lieu in /Users/julie/Documents/GitHub/wopi2021/wp-content/mu-plugins/jcp-meta_box/jcp-meta_box_concert.php on line 163
[18-Apr-2021 21:51:43 UTC] PHP Notice:  Undefined variable: select_lieu in /Users/julie/Documents/GitHub/wopi2021/wp-content/mu-plugins/jcp-meta_box/jcp-meta_box_concert.php on line 163
[18-Apr-2021 21:51:43 UTC] PHP Notice:  Undefined variable: select_lieu in /Users/julie/Documents/GitHub/wopi2021/wp-content/mu-plugins/jcp-meta_box/jcp-meta_box_concert.php on line 163
[18-Apr-2021 21:51:43 UTC] PHP Notice:  Undefined variable: select_lieu in /Users/julie/Documents/GitHub/wopi2021/wp-content/mu-plugins/jcp-meta_box/jcp-meta_box_concert.php on line 163
[18-Apr-2021 21:51:43 UTC] PHP Notice:  Undefined variable: select_lieu in /Users/julie/Documents/GitHub/wopi2021/wp-content/mu-plugins/jcp-meta_box/jcp-meta_box_concert.php on line 163
[18-Apr-2021 21:51:43 UTC] PHP Notice:  Undefined variable: select_lieu in /Users/julie/Documents/GitHub/wopi2021/wp-content/mu-plugins/jcp-meta_box/jcp-meta_box_concert.php on line 163
[18-Apr-2021 21:51:43 UTC] PHP Notice:  Undefined variable: select_lieu in /Users/julie/Documents/GitHub/wopi2021/wp-content/mu-plugins/jcp-meta_box/jcp-meta_box_concert.php on line 163
[18-Apr-2021 21:51:43 UTC] PHP Notice:  Undefined variable: select_lieu in /Users/julie/Documents/GitHub/wopi2021/wp-content/mu-plugins/jcp-meta_box/jcp-meta_box_concert.php on line 163
[18-Apr-2021 21:51:43 UTC] PHP Notice:  Undefined variable: select_lieu in /Users/julie/Documents/GitHub/wopi2021/wp-content/mu-plugins/jcp-meta_box/jcp-meta_box_concert.php on line 163
[18-Apr-2021 21:51:43 UTC] PHP Notice:  Undefined variable: select_lieu in /Users/julie/Documents/GitHub/wopi2021/wp-content/mu-plugins/jcp-meta_box/jcp-meta_box_concert.php on line 163
[18-Apr-2021 21:51:43 UTC] PHP Notice:  Undefined variable: select_lieu in /Users/julie/Documents/GitHub/wopi2021/wp-content/mu-plugins/jcp-meta_box/jcp-meta_box_concert.php on line 163
[18-Apr-2021 21:51:43 UTC] PHP Notice:  Undefined variable: select_lieu in /Users/julie/Documents/GitHub/wopi2021/wp-content/mu-plugins/jcp-meta_box/jcp-meta_box_concert.php on line 163
[18-Apr-2021 21:51:43 UTC] PHP Notice:  Undefined variable: select_lieu in /Users/julie/Documents/GitHub/wopi2021/wp-content/mu-plugins/jcp-meta_box/jcp-meta_box_concert.php on line 163
[18-Apr-2021 21:51:43 UTC] PHP Notice:  Undefined variable: select_lieu in /Users/julie/Documents/GitHub/wopi2021/wp-content/mu-plugins/jcp-meta_box/jcp-meta_box_concert.php on line 163
[18-Apr-2021 21:51:43 UTC] PHP Notice:  Undefined variable: select_lieu in /Users/julie/Documents/GitHub/wopi2021/wp-content/mu-plugins/jcp-meta_box/jcp-meta_box_concert.php on line 163
[18-Apr-2021 21:51:54 UTC] PHP Notice:  Undefined variable: select_lieu in /Users/julie/Documents/GitHub/wopi2021/wp-content/mu-plugins/jcp-meta_box/jcp-meta_box_concert.php on line 163
[18-Apr-2021 21:51:54 UTC] PHP Notice:  Undefined variable: select_lieu in /Users/julie/Documents/GitHub/wopi2021/wp-content/mu-plugins/jcp-meta_box/jcp-meta_box_concert.php on line 163
[18-Apr-2021 21:51:54 UTC] PHP Notice:  Undefined variable: select_lieu in /Users/julie/Documents/GitHub/wopi2021/wp-content/mu-plugins/jcp-meta_box/jcp-meta_box_concert.php on line 163
[18-Apr-2021 21:51:54 UTC] PHP Notice:  Undefined variable: select_lieu in /Users/julie/Documents/GitHub/wopi2021/wp-content/mu-plugins/jcp-meta_box/jcp-meta_box_concert.php on line 163
[18-Apr-2021 21:51:54 UTC] PHP Notice:  Undefined variable: select_lieu in /Users/julie/Documents/GitHub/wopi2021/wp-content/mu-plugins/jcp-meta_box/jcp-meta_box_concert.php on line 163
[18-Apr-2021 21:51:54 UTC] PHP Notice:  Undefined variable: select_lieu in /Users/julie/Documents/GitHub/wopi2021/wp-content/mu-plugins/jcp-meta_box/jcp-meta_box_concert.php on line 163
[18-Apr-2021 21:51:54 UTC] PHP Notice:  Undefined variable: select_lieu in /Users/julie/Documents/GitHub/wopi2021/wp-content/mu-plugins/jcp-meta_box/jcp-meta_box_concert.php on line 163
[18-Apr-2021 21:51:54 UTC] PHP Notice:  Undefined variable: select_lieu in /Users/julie/Documents/GitHub/wopi2021/wp-content/mu-plugins/jcp-meta_box/jcp-meta_box_concert.php on line 163
[18-Apr-2021 21:51:54 UTC] PHP Notice:  Undefined variable: select_lieu in /Users/julie/Documents/GitHub/wopi2021/wp-content/mu-plugins/jcp-meta_box/jcp-meta_box_concert.php on line 163
[18-Apr-2021 21:51:54 UTC] PHP Notice:  Undefined variable: select_lieu in /Users/julie/Documents/GitHub/wopi2021/wp-content/mu-plugins/jcp-meta_box/jcp-meta_box_concert.php on line 163
[18-Apr-2021 21:51:54 UTC] PHP Notice:  Undefined variable: select_lieu in /Users/julie/Documents/GitHub/wopi2021/wp-content/mu-plugins/jcp-meta_box/jcp-meta_box_concert.php on line 163
[18-Apr-2021 21:51:54 UTC] PHP Notice:  Undefined variable: select_lieu in /Users/julie/Documents/GitHub/wopi2021/wp-content/mu-plugins/jcp-meta_box/jcp-meta_box_concert.php on line 163
[18-Apr-2021 21:51:54 UTC] PHP Notice:  Undefined variable: select_lieu in /Users/julie/Documents/GitHub/wopi2021/wp-content/mu-plugins/jcp-meta_box/jcp-meta_box_concert.php on line 163
[18-Apr-2021 21:51:54 UTC] PHP Notice:  Undefined variable: select_lieu in /Users/julie/Documents/GitHub/wopi2021/wp-content/mu-plugins/jcp-meta_box/jcp-meta_box_concert.php on line 163
[18-Apr-2021 21:51:54 UTC] PHP Notice:  Undefined variable: select_lieu in /Users/julie/Documents/GitHub/wopi2021/wp-content/mu-plugins/jcp-meta_box/jcp-meta_box_concert.php on line 163
[18-Apr-2021 21:51:54 UTC] PHP Notice:  Undefined variable: select_lieu in /Users/julie/Documents/GitHub/wopi2021/wp-content/mu-plugins/jcp-meta_box/jcp-meta_box_concert.php on line 163
[18-Apr-2021 21:51:54 UTC] PHP Notice:  Undefined variable: select_lieu in /Users/julie/Documents/GitHub/wopi2021/wp-content/mu-plugins/jcp-meta_box/jcp-meta_box_concert.php on line 163
[18-Apr-2021 21:51:54 UTC] PHP Notice:  Undefined variable: select_lieu in /Users/julie/Documents/GitHub/wopi2021/wp-content/mu-plugins/jcp-meta_box/jcp-meta_box_concert.php on line 163
[18-Apr-2021 21:51:54 UTC] PHP Notice:  Undefined variable: select_lieu in /Users/julie/Documents/GitHub/wopi2021/wp-content/mu-plugins/jcp-meta_box/jcp-meta_box_concert.php on line 163
[18-Apr-2021 21:51:54 UTC] PHP Notice:  Undefined variable: select_lieu in /Users/julie/Documents/GitHub/wopi2021/wp-content/mu-plugins/jcp-meta_box/jcp-meta_box_concert.php on line 163
[18-Apr-2021 21:52:31 UTC] PHP Notice:  Undefined variable: select_lieu in /Users/julie/Documents/GitHub/wopi2021/wp-content/mu-plugins/jcp-meta_box/jcp-meta_box_concert.php on line 163
[18-Apr-2021 21:52:31 UTC] PHP Notice:  Undefined variable: select_lieu in /Users/julie/Documents/GitHub/wopi2021/wp-content/mu-plugins/jcp-meta_box/jcp-meta_box_concert.php on line 163
[18-Apr-2021 21:52:31 UTC] PHP Notice:  Undefined variable: select_lieu in /Users/julie/Documents/GitHub/wopi2021/wp-content/mu-plugins/jcp-meta_box/jcp-meta_box_concert.php on line 163
[18-Apr-2021 21:52:31 UTC] PHP Notice:  Undefined variable: select_lieu in /Users/julie/Documents/GitHub/wopi2021/wp-content/mu-plugins/jcp-meta_box/jcp-meta_box_concert.php on line 163
[18-Apr-2021 21:52:31 UTC] PHP Notice:  Undefined variable: select_lieu in /Users/julie/Documents/GitHub/wopi2021/wp-content/mu-plugins/jcp-meta_box/jcp-meta_box_concert.php on line 163
[18-Apr-2021 21:52:31 UTC] PHP Notice:  Undefined variable: select_lieu in /Users/julie/Documents/GitHub/wopi2021/wp-content/mu-plugins/jcp-meta_box/jcp-meta_box_concert.php on line 163
[18-Apr-2021 21:52:31 UTC] PHP Notice:  Undefined variable: select_lieu in /Users/julie/Documents/GitHub/wopi2021/wp-content/mu-plugins/jcp-meta_box/jcp-meta_box_concert.php on line 163
[18-Apr-2021 21:52:31 UTC] PHP Notice:  Undefined variable: select_lieu in /Users/julie/Documents/GitHub/wopi2021/wp-content/mu-plugins/jcp-meta_box/jcp-meta_box_concert.php on line 163
[18-Apr-2021 21:52:31 UTC] PHP Notice:  Undefined variable: select_lieu in /Users/julie/Documents/GitHub/wopi2021/wp-content/mu-plugins/jcp-meta_box/jcp-meta_box_concert.php on line 163
[18-Apr-2021 21:52:31 UTC] PHP Notice:  Undefined variable: select_lieu in /Users/julie/Documents/GitHub/wopi2021/wp-content/mu-plugins/jcp-meta_box/jcp-meta_box_concert.php on line 163
[18-Apr-2021 21:52:31 UTC] PHP Notice:  Undefined variable: select_lieu in /Users/julie/Documents/GitHub/wopi2021/wp-content/mu-plugins/jcp-meta_box/jcp-meta_box_concert.php on line 163
[18-Apr-2021 21:52:31 UTC] PHP Notice:  Undefined variable: select_lieu in /Users/julie/Documents/GitHub/wopi2021/wp-content/mu-plugins/jcp-meta_box/jcp-meta_box_concert.php on line 163
[18-Apr-2021 21:52:31 UTC] PHP Notice:  Undefined variable: select_lieu in /Users/julie/Documents/GitHub/wopi2021/wp-content/mu-plugins/jcp-meta_box/jcp-meta_box_concert.php on line 163
[18-Apr-2021 21:52:31 UTC] PHP Notice:  Undefined variable: select_lieu in /Users/julie/Documents/GitHub/wopi2021/wp-content/mu-plugins/jcp-meta_box/jcp-meta_box_concert.php on line 163
[18-Apr-2021 21:52:31 UTC] PHP Notice:  Undefined variable: select_lieu in /Users/julie/Documents/GitHub/wopi2021/wp-content/mu-plugins/jcp-meta_box/jcp-meta_box_concert.php on line 163
[18-Apr-2021 21:52:31 UTC] PHP Notice:  Undefined variable: select_lieu in /Users/julie/Documents/GitHub/wopi2021/wp-content/mu-plugins/jcp-meta_box/jcp-meta_box_concert.php on line 163
[18-Apr-2021 21:52:31 UTC] PHP Notice:  Undefined variable: select_lieu in /Users/julie/Documents/GitHub/wopi2021/wp-content/mu-plugins/jcp-meta_box/jcp-meta_box_concert.php on line 163
[18-Apr-2021 21:52:31 UTC] PHP Notice:  Undefined variable: select_lieu in /Users/julie/Documents/GitHub/wopi2021/wp-content/mu-plugins/jcp-meta_box/jcp-meta_box_concert.php on line 163
[18-Apr-2021 21:52:31 UTC] PHP Notice:  Undefined variable: select_lieu in /Users/julie/Documents/GitHub/wopi2021/wp-content/mu-plugins/jcp-meta_box/jcp-meta_box_concert.php on line 163
[18-Apr-2021 21:52:31 UTC] PHP Notice:  Undefined variable: select_lieu in /Users/julie/Documents/GitHub/wopi2021/wp-content/mu-plugins/jcp-meta_box/jcp-meta_box_concert.php on line 163
[18-Apr-2021 22:00:41 UTC] PHP Fatal error:  Cannot redeclare jcp_declare_metabox_salle() (previously declared in /Users/julie/Documents/GitHub/wopi2021/wp-content/mu-plugins/jcp-meta_box/jcp-meta_box_salle.php:9) in /Users/julie/Documents/GitHub/wopi2021/wp-content/mu-plugins/jcp-meta_box/jcp-meta_box_partenaire.php on line 7
[20-Apr-2021 19:27:58 UTC] PHP Parse error:  syntax error, unexpected ''menu_position'' (T_CONSTANT_ENCAPSED_STRING), expecting ')' in /Users/julie/Documents/GitHub/wopi2021/wp-content/mu-plugins/jcp-post_type.php on line 238
[20-Apr-2021 19:28:04 UTC] PHP Parse error:  syntax error, unexpected ''menu_position'' (T_CONSTANT_ENCAPSED_STRING), expecting ')' in /Users/julie/Documents/GitHub/wopi2021/wp-content/mu-plugins/jcp-post_type.php on line 238
[20-Apr-2021 19:28:04 UTC] PHP Parse error:  syntax error, unexpected ''menu_position'' (T_CONSTANT_ENCAPSED_STRING), expecting ')' in /Users/julie/Documents/GitHub/wopi2021/wp-content/mu-plugins/jcp-post_type.php on line 238
[20-Apr-2021 19:28:11 UTC] PHP Parse error:  syntax error, unexpected ''menu_position'' (T_CONSTANT_ENCAPSED_STRING), expecting ')' in /Users/julie/Documents/GitHub/wopi2021/wp-content/mu-plugins/jcp-post_type.php on line 238
[20-Apr-2021 19:28:13 UTC] PHP Parse error:  syntax error, unexpected ''menu_position'' (T_CONSTANT_ENCAPSED_STRING), expecting ')' in /Users/julie/Documents/GitHub/wopi2021/wp-content/mu-plugins/jcp-post_type.php on line 238
[20-Apr-2021 19:28:13 UTC] PHP Notice:  is_embed est appelée de la mauvaise manière. Les balises de requête conditionnelle ne fonctionnent pas avant le lancement de la requête. Avant cela, elles renvoient toujours le booléen <code>false</code>. Veuillez lire <a href="https://fr.wordpress.org/support/article/debugging-in-wordpress/">Débogage dans WordPress</a> (en) pour plus d’informations. (Ce message a été ajouté à la version 3.1.0.) in /Users/julie/Documents/GitHub/wopi2021/wp-includes/functions.php on line 5313
[20-Apr-2021 19:28:13 UTC] PHP Notice:  is_search est appelée de la mauvaise manière. Les balises de requête conditionnelle ne fonctionnent pas avant le lancement de la requête. Avant cela, elles renvoient toujours le booléen <code>false</code>. Veuillez lire <a href="https://fr.wordpress.org/support/article/debugging-in-wordpress/">Débogage dans WordPress</a> (en) pour plus d’informations. (Ce message a été ajouté à la version 3.1.0.) in /Users/julie/Documents/GitHub/wopi2021/wp-includes/functions.php on line 5313
[20-Apr-2021 19:29:43 UTC] PHP Warning:  include(jcp-meta_box/jcp-meta_box_artiste_invite.php): failed to open stream: No such file or directory in /Users/julie/Documents/GitHub/wopi2021/wp-content/mu-plugins/jcp-meta_box.php on line 60
[20-Apr-2021 19:29:43 UTC] PHP Warning:  include(): Failed opening 'jcp-meta_box/jcp-meta_box_artiste_invite.php' for inclusion (include_path='.:/Applications/MAMP/bin/php/php7.4.9/lib/php') in /Users/julie/Documents/GitHub/wopi2021/wp-content/mu-plugins/jcp-meta_box.php on line 60
[20-Apr-2021 19:31:43 UTC] PHP Warning:  include(jcp-meta_box/jcp-meta_box_artiste_invite.php): failed to open stream: No such file or directory in /Users/julie/Documents/GitHub/wopi2021/wp-content/mu-plugins/jcp-meta_box.php on line 60
[20-Apr-2021 19:31:43 UTC] PHP Warning:  include(): Failed opening 'jcp-meta_box/jcp-meta_box_artiste_invite.php' for inclusion (include_path='.:/Applications/MAMP/bin/php/php7.4.9/lib/php') in /Users/julie/Documents/GitHub/wopi2021/wp-content/mu-plugins/jcp-meta_box.php on line 60
[20-Apr-2021 19:32:31 UTC] PHP Warning:  include(jcp-meta_box/jcp-meta_box_artiste_invite.php): failed to open stream: No such file or directory in /Users/julie/Documents/GitHub/wopi2021/wp-content/mu-plugins/jcp-meta_box.php on line 60
[20-Apr-2021 19:32:31 UTC] PHP Warning:  include(jcp-meta_box/jcp-meta_box_artiste_invite.php): failed to open stream: No such file or directory in /Users/julie/Documents/GitHub/wopi2021/wp-content/mu-plugins/jcp-meta_box.php on line 60
[20-Apr-2021 19:32:31 UTC] PHP Warning:  include(): Failed opening 'jcp-meta_box/jcp-meta_box_artiste_invite.php' for inclusion (include_path='.:/Applications/MAMP/bin/php/php7.4.9/lib/php') in /Users/julie/Documents/GitHub/wopi2021/wp-content/mu-plugins/jcp-meta_box.php on line 60
[20-Apr-2021 19:32:31 UTC] PHP Warning:  include(): Failed opening 'jcp-meta_box/jcp-meta_box_artiste_invite.php' for inclusion (include_path='.:/Applications/MAMP/bin/php/php7.4.9/lib/php') in /Users/julie/Documents/GitHub/wopi2021/wp-content/mu-plugins/jcp-meta_box.php on line 60
[20-Apr-2021 19:32:32 UTC] PHP Warning:  include(jcp-meta_box/jcp-meta_box_artiste_invite.php): failed to open stream: No such file or directory in /Users/julie/Documents/GitHub/wopi2021/wp-content/mu-plugins/jcp-meta_box.php on line 60
[20-Apr-2021 19:32:32 UTC] PHP Warning:  include(): Failed opening 'jcp-meta_box/jcp-meta_box_artiste_invite.php' for inclusion (include_path='.:/Applications/MAMP/bin/php/php7.4.9/lib/php') in /Users/julie/Documents/GitHub/wopi2021/wp-content/mu-plugins/jcp-meta_box.php on line 60
[20-Apr-2021 19:32:36 UTC] PHP Warning:  include(jcp-meta_box/jcp-meta_box_artiste_invite.php): failed to open stream: No such file or directory in /Users/julie/Documents/GitHub/wopi2021/wp-content/mu-plugins/jcp-meta_box.php on line 60
[20-Apr-2021 19:32:36 UTC] PHP Warning:  include(): Failed opening 'jcp-meta_box/jcp-meta_box_artiste_invite.php' for inclusion (include_path='.:/Applications/MAMP/bin/php/php7.4.9/lib/php') in /Users/julie/Documents/GitHub/wopi2021/wp-content/mu-plugins/jcp-meta_box.php on line 60
[20-Apr-2021 19:32:37 UTC] PHP Warning:  include(jcp-meta_box/jcp-meta_box_artiste_invite.php): failed to open stream: No such file or directory in /Users/julie/Documents/GitHub/wopi2021/wp-content/mu-plugins/jcp-meta_box.php on line 60
[20-Apr-2021 19:32:37 UTC] PHP Warning:  include(): Failed opening 'jcp-meta_box/jcp-meta_box_artiste_invite.php' for inclusion (include_path='.:/Applications/MAMP/bin/php/php7.4.9/lib/php') in /Users/julie/Documents/GitHub/wopi2021/wp-content/mu-plugins/jcp-meta_box.php on line 60
[20-Apr-2021 19:32:38 UTC] PHP Warning:  include(jcp-meta_box/jcp-meta_box_artiste_invite.php): failed to open stream: No such file or directory in /Users/julie/Documents/GitHub/wopi2021/wp-content/mu-plugins/jcp-meta_box.php on line 60
[20-Apr-2021 19:32:38 UTC] PHP Warning:  include(): Failed opening 'jcp-meta_box/jcp-meta_box_artiste_invite.php' for inclusion (include_path='.:/Applications/MAMP/bin/php/php7.4.9/lib/php') in /Users/julie/Documents/GitHub/wopi2021/wp-content/mu-plugins/jcp-meta_box.php on line 60
[20-Apr-2021 19:32:38 UTC] PHP Warning:  call_user_func_array() expects parameter 1 to be a valid callback, function 'jcp_declare_metabox_artiste_invite' not found or invalid function name in /Users/julie/Documents/GitHub/wopi2021/wp-includes/class-wp-hook.php on line 294
[20-Apr-2021 19:32:41 UTC] PHP Warning:  include(jcp-meta_box/jcp-meta_box_artiste_invite.php): failed to open stream: No such file or directory in /Users/julie/Documents/GitHub/wopi2021/wp-content/mu-plugins/jcp-meta_box.php on line 60
[20-Apr-2021 19:32:41 UTC] PHP Warning:  include(): Failed opening 'jcp-meta_box/jcp-meta_box_artiste_invite.php' for inclusion (include_path='.:/Applications/MAMP/bin/php/php7.4.9/lib/php') in /Users/julie/Documents/GitHub/wopi2021/wp-content/mu-plugins/jcp-meta_box.php on line 60
[20-Apr-2021 19:32:42 UTC] PHP Warning:  include(jcp-meta_box/jcp-meta_box_artiste_invite.php): failed to open stream: No such file or directory in /Users/julie/Documents/GitHub/wopi2021/wp-content/mu-plugins/jcp-meta_box.php on line 60
[20-Apr-2021 19:32:42 UTC] PHP Warning:  include(): Failed opening 'jcp-meta_box/jcp-meta_box_artiste_invite.php' for inclusion (include_path='.:/Applications/MAMP/bin/php/php7.4.9/lib/php') in /Users/julie/Documents/GitHub/wopi2021/wp-content/mu-plugins/jcp-meta_box.php on line 60
[20-Apr-2021 19:32:42 UTC] PHP Warning:  include(jcp-meta_box/jcp-meta_box_artiste_invite.php): failed to open stream: No such file or directory in /Users/julie/Documents/GitHub/wopi2021/wp-content/mu-plugins/jcp-meta_box.php on line 60
[20-Apr-2021 19:32:42 UTC] PHP Warning:  include(): Failed opening 'jcp-meta_box/jcp-meta_box_artiste_invite.php' for inclusion (include_path='.:/Applications/MAMP/bin/php/php7.4.9/lib/php') in /Users/julie/Documents/GitHub/wopi2021/wp-content/mu-plugins/jcp-meta_box.php on line 60
[20-Apr-2021 19:32:42 UTC] PHP Warning:  include(jcp-meta_box/jcp-meta_box_artiste_invite.php): failed to open stream: No such file or directory in /Users/julie/Documents/GitHub/wopi2021/wp-content/mu-plugins/jcp-meta_box.php on line 60
[20-Apr-2021 19:32:42 UTC] PHP Warning:  include(): Failed opening 'jcp-meta_box/jcp-meta_box_artiste_invite.php' for inclusion (include_path='.:/Applications/MAMP/bin/php/php7.4.9/lib/php') in /Users/julie/Documents/GitHub/wopi2021/wp-content/mu-plugins/jcp-meta_box.php on line 60
[20-Apr-2021 19:32:42 UTC] PHP Warning:  include(jcp-meta_box/jcp-meta_box_artiste_invite.php): failed to open stream: No such file or directory in /Users/julie/Documents/GitHub/wopi2021/wp-content/mu-plugins/jcp-meta_box.php on line 60
[20-Apr-2021 19:32:42 UTC] PHP Warning:  include(): Failed opening 'jcp-meta_box/jcp-meta_box_artiste_invite.php' for inclusion (include_path='.:/Applications/MAMP/bin/php/php7.4.9/lib/php') in /Users/julie/Documents/GitHub/wopi2021/wp-content/mu-plugins/jcp-meta_box.php on line 60
[20-Apr-2021 19:32:46 UTC] PHP Warning:  include(jcp-meta_box/jcp-meta_box_artiste_invite.php): failed to open stream: No such file or directory in /Users/julie/Documents/GitHub/wopi2021/wp-content/mu-plugins/jcp-meta_box.php on line 60
[20-Apr-2021 19:32:46 UTC] PHP Warning:  include(): Failed opening 'jcp-meta_box/jcp-meta_box_artiste_invite.php' for inclusion (include_path='.:/Applications/MAMP/bin/php/php7.4.9/lib/php') in /Users/julie/Documents/GitHub/wopi2021/wp-content/mu-plugins/jcp-meta_box.php on line 60
[20-Apr-2021 19:32:46 UTC] PHP Warning:  call_user_func_array() expects parameter 1 to be a valid callback, function 'jcp_metabox_save_artiste_invite' not found or invalid function name in /Users/julie/Documents/GitHub/wopi2021/wp-includes/class-wp-hook.php on line 294
[20-Apr-2021 19:32:47 UTC] PHP Warning:  include(jcp-meta_box/jcp-meta_box_artiste_invite.php): failed to open stream: No such file or directory in /Users/julie/Documents/GitHub/wopi2021/wp-content/mu-plugins/jcp-meta_box.php on line 60
[20-Apr-2021 19:32:47 UTC] PHP Warning:  include(): Failed opening 'jcp-meta_box/jcp-meta_box_artiste_invite.php' for inclusion (include_path='.:/Applications/MAMP/bin/php/php7.4.9/lib/php') in /Users/julie/Documents/GitHub/wopi2021/wp-content/mu-plugins/jcp-meta_box.php on line 60
[20-Apr-2021 19:32:48 UTC] PHP Warning:  call_user_func_array() expects parameter 1 to be a valid callback, function 'jcp_metabox_save_artiste_invite' not found or invalid function name in /Users/julie/Documents/GitHub/wopi2021/wp-includes/class-wp-hook.php on line 294
[20-Apr-2021 19:32:48 UTC] PHP Warning:  include(jcp-meta_box/jcp-meta_box_artiste_invite.php): failed to open stream: No such file or directory in /Users/julie/Documents/GitHub/wopi2021/wp-content/mu-plugins/jcp-meta_box.php on line 60
[20-Apr-2021 19:32:48 UTC] PHP Warning:  include(): Failed opening 'jcp-meta_box/jcp-meta_box_artiste_invite.php' for inclusion (include_path='.:/Applications/MAMP/bin/php/php7.4.9/lib/php') in /Users/julie/Documents/GitHub/wopi2021/wp-content/mu-plugins/jcp-meta_box.php on line 60
[20-Apr-2021 19:32:48 UTC] PHP Warning:  call_user_func_array() expects parameter 1 to be a valid callback, function 'jcp_declare_metabox_artiste_invite' not found or invalid function name in /Users/julie/Documents/GitHub/wopi2021/wp-includes/class-wp-hook.php on line 294
[20-Apr-2021 19:32:51 UTC] PHP Warning:  include(jcp-meta_box/jcp-meta_box_artiste_invite.php): failed to open stream: No such file or directory in /Users/julie/Documents/GitHub/wopi2021/wp-content/mu-plugins/jcp-meta_box.php on line 60
[20-Apr-2021 19:32:51 UTC] PHP Warning:  include(): Failed opening 'jcp-meta_box/jcp-meta_box_artiste_invite.php' for inclusion (include_path='.:/Applications/MAMP/bin/php/php7.4.9/lib/php') in /Users/julie/Documents/GitHub/wopi2021/wp-content/mu-plugins/jcp-meta_box.php on line 60
[20-Apr-2021 19:32:51 UTC] PHP Warning:  include(jcp-meta_box/jcp-meta_box_artiste_invite.php): failed to open stream: No such file or directory in /Users/julie/Documents/GitHub/wopi2021/wp-content/mu-plugins/jcp-meta_box.php on line 60
[20-Apr-2021 19:32:51 UTC] PHP Warning:  include(): Failed opening 'jcp-meta_box/jcp-meta_box_artiste_invite.php' for inclusion (include_path='.:/Applications/MAMP/bin/php/php7.4.9/lib/php') in /Users/julie/Documents/GitHub/wopi2021/wp-content/mu-plugins/jcp-meta_box.php on line 60
[20-Apr-2021 19:32:51 UTC] PHP Warning:  include(jcp-meta_box/jcp-meta_box_artiste_invite.php): failed to open stream: No such file or directory in /Users/julie/Documents/GitHub/wopi2021/wp-content/mu-plugins/jcp-meta_box.php on line 60
[20-Apr-2021 19:32:51 UTC] PHP Warning:  include(): Failed opening 'jcp-meta_box/jcp-meta_box_artiste_invite.php' for inclusion (include_path='.:/Applications/MAMP/bin/php/php7.4.9/lib/php') in /Users/julie/Documents/GitHub/wopi2021/wp-content/mu-plugins/jcp-meta_box.php on line 60
[20-Apr-2021 19:32:52 UTC] PHP Warning:  include(jcp-meta_box/jcp-meta_box_artiste_invite.php): failed to open stream: No such file or directory in /Users/julie/Documents/GitHub/wopi2021/wp-content/mu-plugins/jcp-meta_box.php on line 60
[20-Apr-2021 19:32:52 UTC] PHP Warning:  include(): Failed opening 'jcp-meta_box/jcp-meta_box_artiste_invite.php' for inclusion (include_path='.:/Applications/MAMP/bin/php/php7.4.9/lib/php') in /Users/julie/Documents/GitHub/wopi2021/wp-content/mu-plugins/jcp-meta_box.php on line 60
[20-Apr-2021 19:32:58 UTC] PHP Warning:  include(jcp-meta_box/jcp-meta_box_artiste_invite.php): failed to open stream: No such file or directory in /Users/julie/Documents/GitHub/wopi2021/wp-content/mu-plugins/jcp-meta_box.php on line 60
[20-Apr-2021 19:32:58 UTC] PHP Warning:  include(): Failed opening 'jcp-meta_box/jcp-meta_box_artiste_invite.php' for inclusion (include_path='.:/Applications/MAMP/bin/php/php7.4.9/lib/php') in /Users/julie/Documents/GitHub/wopi2021/wp-content/mu-plugins/jcp-meta_box.php on line 60
[20-Apr-2021 19:32:59 UTC] PHP Warning:  include(jcp-meta_box/jcp-meta_box_artiste_invite.php): failed to open stream: No such file or directory in /Users/julie/Documents/GitHub/wopi2021/wp-content/mu-plugins/jcp-meta_box.php on line 60
[20-Apr-2021 19:32:59 UTC] PHP Warning:  include(): Failed opening 'jcp-meta_box/jcp-meta_box_artiste_invite.php' for inclusion (include_path='.:/Applications/MAMP/bin/php/php7.4.9/lib/php') in /Users/julie/Documents/GitHub/wopi2021/wp-content/mu-plugins/jcp-meta_box.php on line 60
[20-Apr-2021 19:33:01 UTC] PHP Warning:  include(jcp-meta_box/jcp-meta_box_artiste_invite.php): failed to open stream: No such file or directory in /Users/julie/Documents/GitHub/wopi2021/wp-content/mu-plugins/jcp-meta_box.php on line 60
[20-Apr-2021 19:33:01 UTC] PHP Warning:  include(): Failed opening 'jcp-meta_box/jcp-meta_box_artiste_invite.php' for inclusion (include_path='.:/Applications/MAMP/bin/php/php7.4.9/lib/php') in /Users/julie/Documents/GitHub/wopi2021/wp-content/mu-plugins/jcp-meta_box.php on line 60
[20-Apr-2021 19:33:01 UTC] PHP Warning:  call_user_func_array() expects parameter 1 to be a valid callback, function 'jcp_declare_metabox_artiste_invite' not found or invalid function name in /Users/julie/Documents/GitHub/wopi2021/wp-includes/class-wp-hook.php on line 294
[20-Apr-2021 19:33:04 UTC] PHP Warning:  include(jcp-meta_box/jcp-meta_box_artiste_invite.php): failed to open stream: No such file or directory in /Users/julie/Documents/GitHub/wopi2021/wp-content/mu-plugins/jcp-meta_box.php on line 60
[20-Apr-2021 19:33:04 UTC] PHP Warning:  include(): Failed opening 'jcp-meta_box/jcp-meta_box_artiste_invite.php' for inclusion (include_path='.:/Applications/MAMP/bin/php/php7.4.9/lib/php') in /Users/julie/Documents/GitHub/wopi2021/wp-content/mu-plugins/jcp-meta_box.php on line 60
[20-Apr-2021 19:33:04 UTC] PHP Warning:  include(jcp-meta_box/jcp-meta_box_artiste_invite.php): failed to open stream: No such file or directory in /Users/julie/Documents/GitHub/wopi2021/wp-content/mu-plugins/jcp-meta_box.php on line 60
[20-Apr-2021 19:33:04 UTC] PHP Warning:  include(): Failed opening 'jcp-meta_box/jcp-meta_box_artiste_invite.php' for inclusion (include_path='.:/Applications/MAMP/bin/php/php7.4.9/lib/php') in /Users/julie/Documents/GitHub/wopi2021/wp-content/mu-plugins/jcp-meta_box.php on line 60
[20-Apr-2021 19:33:04 UTC] PHP Warning:  include(jcp-meta_box/jcp-meta_box_artiste_invite.php): failed to open stream: No such file or directory in /Users/julie/Documents/GitHub/wopi2021/wp-content/mu-plugins/jcp-meta_box.php on line 60
[20-Apr-2021 19:33:04 UTC] PHP Warning:  include(): Failed opening 'jcp-meta_box/jcp-meta_box_artiste_invite.php' for inclusion (include_path='.:/Applications/MAMP/bin/php/php7.4.9/lib/php') in /Users/julie/Documents/GitHub/wopi2021/wp-content/mu-plugins/jcp-meta_box.php on line 60
[20-Apr-2021 19:33:04 UTC] PHP Warning:  include(jcp-meta_box/jcp-meta_box_artiste_invite.php): failed to open stream: No such file or directory in /Users/julie/Documents/GitHub/wopi2021/wp-content/mu-plugins/jcp-meta_box.php on line 60
[20-Apr-2021 19:33:04 UTC] PHP Warning:  include(): Failed opening 'jcp-meta_box/jcp-meta_box_artiste_invite.php' for inclusion (include_path='.:/Applications/MAMP/bin/php/php7.4.9/lib/php') in /Users/julie/Documents/GitHub/wopi2021/wp-content/mu-plugins/jcp-meta_box.php on line 60
[20-Apr-2021 19:33:04 UTC] PHP Warning:  include(jcp-meta_box/jcp-meta_box_artiste_invite.php): failed to open stream: No such file or directory in /Users/julie/Documents/GitHub/wopi2021/wp-content/mu-plugins/jcp-meta_box.php on line 60
[20-Apr-2021 19:33:04 UTC] PHP Warning:  include(): Failed opening 'jcp-meta_box/jcp-meta_box_artiste_invite.php' for inclusion (include_path='.:/Applications/MAMP/bin/php/php7.4.9/lib/php') in /Users/julie/Documents/GitHub/wopi2021/wp-content/mu-plugins/jcp-meta_box.php on line 60
[20-Apr-2021 19:34:03 UTC] PHP Warning:  include(jcp-meta_box/jcp-meta_box_artiste_invite.php): failed to open stream: No such file or directory in /Users/julie/Documents/GitHub/wopi2021/wp-content/mu-plugins/jcp-meta_box.php on line 60
[20-Apr-2021 19:34:03 UTC] PHP Warning:  include(): Failed opening 'jcp-meta_box/jcp-meta_box_artiste_invite.php' for inclusion (include_path='.:/Applications/MAMP/bin/php/php7.4.9/lib/php') in /Users/julie/Documents/GitHub/wopi2021/wp-content/mu-plugins/jcp-meta_box.php on line 60
[20-Apr-2021 19:36:03 UTC] PHP Warning:  include(jcp-meta_box/jcp-meta_box_artiste_invite.php): failed to open stream: No such file or directory in /Users/julie/Documents/GitHub/wopi2021/wp-content/mu-plugins/jcp-meta_box.php on line 60
[20-Apr-2021 19:36:03 UTC] PHP Warning:  include(): Failed opening 'jcp-meta_box/jcp-meta_box_artiste_invite.php' for inclusion (include_path='.:/Applications/MAMP/bin/php/php7.4.9/lib/php') in /Users/julie/Documents/GitHub/wopi2021/wp-content/mu-plugins/jcp-meta_box.php on line 60
[20-Apr-2021 19:36:50 UTC] PHP Warning:  include(jcp-meta_box/jcp-meta_box_artiste_invite.php): failed to open stream: No such file or directory in /Users/julie/Documents/GitHub/wopi2021/wp-content/mu-plugins/jcp-meta_box.php on line 60
[20-Apr-2021 19:36:50 UTC] PHP Warning:  include(jcp-meta_box/jcp-meta_box_artiste_invite.php): failed to open stream: No such file or directory in /Users/julie/Documents/GitHub/wopi2021/wp-content/mu-plugins/jcp-meta_box.php on line 60
[20-Apr-2021 19:36:50 UTC] PHP Warning:  include(): Failed opening 'jcp-meta_box/jcp-meta_box_artiste_invite.php' for inclusion (include_path='.:/Applications/MAMP/bin/php/php7.4.9/lib/php') in /Users/julie/Documents/GitHub/wopi2021/wp-content/mu-plugins/jcp-meta_box.php on line 60
[20-Apr-2021 19:36:50 UTC] PHP Warning:  include(): Failed opening 'jcp-meta_box/jcp-meta_box_artiste_invite.php' for inclusion (include_path='.:/Applications/MAMP/bin/php/php7.4.9/lib/php') in /Users/julie/Documents/GitHub/wopi2021/wp-content/mu-plugins/jcp-meta_box.php on line 60
[20-Apr-2021 19:36:51 UTC] PHP Warning:  call_user_func_array() expects parameter 1 to be a valid callback, function 'jcp_declare_metabox_artiste_invite' not found or invalid function name in /Users/julie/Documents/GitHub/wopi2021/wp-includes/class-wp-hook.php on line 294
[20-Apr-2021 19:36:54 UTC] PHP Warning:  include(jcp-meta_box/jcp-meta_box_artiste_invite.php): failed to open stream: No such file or directory in /Users/julie/Documents/GitHub/wopi2021/wp-content/mu-plugins/jcp-meta_box.php on line 60
[20-Apr-2021 19:36:54 UTC] PHP Warning:  include(): Failed opening 'jcp-meta_box/jcp-meta_box_artiste_invite.php' for inclusion (include_path='.:/Applications/MAMP/bin/php/php7.4.9/lib/php') in /Users/julie/Documents/GitHub/wopi2021/wp-content/mu-plugins/jcp-meta_box.php on line 60
[20-Apr-2021 19:36:54 UTC] PHP Warning:  include(jcp-meta_box/jcp-meta_box_artiste_invite.php): failed to open stream: No such file or directory in /Users/julie/Documents/GitHub/wopi2021/wp-content/mu-plugins/jcp-meta_box.php on line 60
[20-Apr-2021 19:36:54 UTC] PHP Warning:  include(): Failed opening 'jcp-meta_box/jcp-meta_box_artiste_invite.php' for inclusion (include_path='.:/Applications/MAMP/bin/php/php7.4.9/lib/php') in /Users/julie/Documents/GitHub/wopi2021/wp-content/mu-plugins/jcp-meta_box.php on line 60
[20-Apr-2021 19:36:54 UTC] PHP Warning:  include(jcp-meta_box/jcp-meta_box_artiste_invite.php): failed to open stream: No such file or directory in /Users/julie/Documents/GitHub/wopi2021/wp-content/mu-plugins/jcp-meta_box.php on line 60
[20-Apr-2021 19:36:54 UTC] PHP Warning:  include(): Failed opening 'jcp-meta_box/jcp-meta_box_artiste_invite.php' for inclusion (include_path='.:/Applications/MAMP/bin/php/php7.4.9/lib/php') in /Users/julie/Documents/GitHub/wopi2021/wp-content/mu-plugins/jcp-meta_box.php on line 60
[20-Apr-2021 19:36:54 UTC] PHP Warning:  include(jcp-meta_box/jcp-meta_box_artiste_invite.php): failed to open stream: No such file or directory in /Users/julie/Documents/GitHub/wopi2021/wp-content/mu-plugins/jcp-meta_box.php on line 60
[20-Apr-2021 19:36:54 UTC] PHP Warning:  include(): Failed opening 'jcp-meta_box/jcp-meta_box_artiste_invite.php' for inclusion (include_path='.:/Applications/MAMP/bin/php/php7.4.9/lib/php') in /Users/julie/Documents/GitHub/wopi2021/wp-content/mu-plugins/jcp-meta_box.php on line 60
[20-Apr-2021 19:36:54 UTC] PHP Warning:  include(jcp-meta_box/jcp-meta_box_artiste_invite.php): failed to open stream: No such file or directory in /Users/julie/Documents/GitHub/wopi2021/wp-content/mu-plugins/jcp-meta_box.php on line 60
[20-Apr-2021 19:36:54 UTC] PHP Warning:  include(): Failed opening 'jcp-meta_box/jcp-meta_box_artiste_invite.php' for inclusion (include_path='.:/Applications/MAMP/bin/php/php7.4.9/lib/php') in /Users/julie/Documents/GitHub/wopi2021/wp-content/mu-plugins/jcp-meta_box.php on line 60
[20-Apr-2021 19:37:01 UTC] PHP Warning:  include(jcp-meta_box/jcp-meta_box_artiste_invite.php): failed to open stream: No such file or directory in /Users/julie/Documents/GitHub/wopi2021/wp-content/mu-plugins/jcp-meta_box.php on line 60
[20-Apr-2021 19:37:01 UTC] PHP Warning:  include(): Failed opening 'jcp-meta_box/jcp-meta_box_artiste_invite.php' for inclusion (include_path='.:/Applications/MAMP/bin/php/php7.4.9/lib/php') in /Users/julie/Documents/GitHub/wopi2021/wp-content/mu-plugins/jcp-meta_box.php on line 60
[20-Apr-2021 19:37:01 UTC] PHP Warning:  include(jcp-meta_box/jcp-meta_box_artiste_invite.php): failed to open stream: No such file or directory in /Users/julie/Documents/GitHub/wopi2021/wp-content/mu-plugins/jcp-meta_box.php on line 60
[20-Apr-2021 19:37:01 UTC] PHP Warning:  include(): Failed opening 'jcp-meta_box/jcp-meta_box_artiste_invite.php' for inclusion (include_path='.:/Applications/MAMP/bin/php/php7.4.9/lib/php') in /Users/julie/Documents/GitHub/wopi2021/wp-content/mu-plugins/jcp-meta_box.php on line 60
[20-Apr-2021 19:37:01 UTC] PHP Warning:  call_user_func_array() expects parameter 1 to be a valid callback, function 'jcp_declare_metabox_artiste_invite' not found or invalid function name in /Users/julie/Documents/GitHub/wopi2021/wp-includes/class-wp-hook.php on line 294
[20-Apr-2021 19:37:05 UTC] PHP Warning:  include(jcp-meta_box/jcp-meta_box_artiste_invite.php): failed to open stream: No such file or directory in /Users/julie/Documents/GitHub/wopi2021/wp-content/mu-plugins/jcp-meta_box.php on line 60
[20-Apr-2021 19:37:05 UTC] PHP Warning:  include(): Failed opening 'jcp-meta_box/jcp-meta_box_artiste_invite.php' for inclusion (include_path='.:/Applications/MAMP/bin/php/php7.4.9/lib/php') in /Users/julie/Documents/GitHub/wopi2021/wp-content/mu-plugins/jcp-meta_box.php on line 60
[20-Apr-2021 19:37:05 UTC] PHP Warning:  include(jcp-meta_box/jcp-meta_box_artiste_invite.php): failed to open stream: No such file or directory in /Users/julie/Documents/GitHub/wopi2021/wp-content/mu-plugins/jcp-meta_box.php on line 60
[20-Apr-2021 19:37:05 UTC] PHP Warning:  include(): Failed opening 'jcp-meta_box/jcp-meta_box_artiste_invite.php' for inclusion (include_path='.:/Applications/MAMP/bin/php/php7.4.9/lib/php') in /Users/julie/Documents/GitHub/wopi2021/wp-content/mu-plugins/jcp-meta_box.php on line 60
[20-Apr-2021 19:37:05 UTC] PHP Warning:  include(jcp-meta_box/jcp-meta_box_artiste_invite.php): failed to open stream: No such file or directory in /Users/julie/Documents/GitHub/wopi2021/wp-content/mu-plugins/jcp-meta_box.php on line 60
[20-Apr-2021 19:37:05 UTC] PHP Warning:  include(): Failed opening 'jcp-meta_box/jcp-meta_box_artiste_invite.php' for inclusion (include_path='.:/Applications/MAMP/bin/php/php7.4.9/lib/php') in /Users/julie/Documents/GitHub/wopi2021/wp-content/mu-plugins/jcp-meta_box.php on line 60
[20-Apr-2021 19:37:06 UTC] PHP Warning:  include(jcp-meta_box/jcp-meta_box_artiste_invite.php): failed to open stream: No such file or directory in /Users/julie/Documents/GitHub/wopi2021/wp-content/mu-plugins/jcp-meta_box.php on line 60
[20-Apr-2021 19:37:06 UTC] PHP Warning:  include(): Failed opening 'jcp-meta_box/jcp-meta_box_artiste_invite.php' for inclusion (include_path='.:/Applications/MAMP/bin/php/php7.4.9/lib/php') in /Users/julie/Documents/GitHub/wopi2021/wp-content/mu-plugins/jcp-meta_box.php on line 60
[20-Apr-2021 19:37:06 UTC] PHP Warning:  include(jcp-meta_box/jcp-meta_box_artiste_invite.php): failed to open stream: No such file or directory in /Users/julie/Documents/GitHub/wopi2021/wp-content/mu-plugins/jcp-meta_box.php on line 60
[20-Apr-2021 19:37:06 UTC] PHP Warning:  include(): Failed opening 'jcp-meta_box/jcp-meta_box_artiste_invite.php' for inclusion (include_path='.:/Applications/MAMP/bin/php/php7.4.9/lib/php') in /Users/julie/Documents/GitHub/wopi2021/wp-content/mu-plugins/jcp-meta_box.php on line 60
[20-Apr-2021 19:38:04 UTC] PHP Warning:  include(jcp-meta_box/jcp-meta_box_artiste_invite.php): failed to open stream: No such file or directory in /Users/julie/Documents/GitHub/wopi2021/wp-content/mu-plugins/jcp-meta_box.php on line 60
[20-Apr-2021 19:38:04 UTC] PHP Warning:  include(): Failed opening 'jcp-meta_box/jcp-meta_box_artiste_invite.php' for inclusion (include_path='.:/Applications/MAMP/bin/php/php7.4.9/lib/php') in /Users/julie/Documents/GitHub/wopi2021/wp-content/mu-plugins/jcp-meta_box.php on line 60
[20-Apr-2021 19:40:04 UTC] PHP Warning:  include(jcp-meta_box/jcp-meta_box_artiste_invite.php): failed to open stream: No such file or directory in /Users/julie/Documents/GitHub/wopi2021/wp-content/mu-plugins/jcp-meta_box.php on line 60
[20-Apr-2021 19:40:04 UTC] PHP Warning:  include(): Failed opening 'jcp-meta_box/jcp-meta_box_artiste_invite.php' for inclusion (include_path='.:/Applications/MAMP/bin/php/php7.4.9/lib/php') in /Users/julie/Documents/GitHub/wopi2021/wp-content/mu-plugins/jcp-meta_box.php on line 60
[20-Apr-2021 19:40:37 UTC] PHP Warning:  include(jcp-meta_box/jcp-meta_box_artiste_invite.php): failed to open stream: No such file or directory in /Users/julie/Documents/GitHub/wopi2021/wp-content/mu-plugins/jcp-meta_box.php on line 60
[20-Apr-2021 19:40:37 UTC] PHP Warning:  include(): Failed opening 'jcp-meta_box/jcp-meta_box_artiste_invite.php' for inclusion (include_path='.:/Applications/MAMP/bin/php/php7.4.9/lib/php') in /Users/julie/Documents/GitHub/wopi2021/wp-content/mu-plugins/jcp-meta_box.php on line 60
[20-Apr-2021 19:40:37 UTC] PHP Warning:  include(jcp-meta_box/jcp-meta_box_artiste_invite.php): failed to open stream: No such file or directory in /Users/julie/Documents/GitHub/wopi2021/wp-content/mu-plugins/jcp-meta_box.php on line 60
[20-Apr-2021 19:40:37 UTC] PHP Warning:  include(): Failed opening 'jcp-meta_box/jcp-meta_box_artiste_invite.php' for inclusion (include_path='.:/Applications/MAMP/bin/php/php7.4.9/lib/php') in /Users/julie/Documents/GitHub/wopi2021/wp-content/mu-plugins/jcp-meta_box.php on line 60
[20-Apr-2021 19:40:38 UTC] PHP Warning:  call_user_func_array() expects parameter 1 to be a valid callback, function 'jcp_declare_metabox_artiste_invite' not found or invalid function name in /Users/julie/Documents/GitHub/wopi2021/wp-includes/class-wp-hook.php on line 294
[20-Apr-2021 19:40:42 UTC] PHP Warning:  include(jcp-meta_box/jcp-meta_box_artiste_invite.php): failed to open stream: No such file or directory in /Users/julie/Documents/GitHub/wopi2021/wp-content/mu-plugins/jcp-meta_box.php on line 60
[20-Apr-2021 19:40:42 UTC] PHP Warning:  include(): Failed opening 'jcp-meta_box/jcp-meta_box_artiste_invite.php' for inclusion (include_path='.:/Applications/MAMP/bin/php/php7.4.9/lib/php') in /Users/julie/Documents/GitHub/wopi2021/wp-content/mu-plugins/jcp-meta_box.php on line 60
[20-Apr-2021 19:40:42 UTC] PHP Warning:  include(jcp-meta_box/jcp-meta_box_artiste_invite.php): failed to open stream: No such file or directory in /Users/julie/Documents/GitHub/wopi2021/wp-content/mu-plugins/jcp-meta_box.php on line 60
[20-Apr-2021 19:40:42 UTC] PHP Warning:  include(): Failed opening 'jcp-meta_box/jcp-meta_box_artiste_invite.php' for inclusion (include_path='.:/Applications/MAMP/bin/php/php7.4.9/lib/php') in /Users/julie/Documents/GitHub/wopi2021/wp-content/mu-plugins/jcp-meta_box.php on line 60
[20-Apr-2021 19:40:42 UTC] PHP Warning:  include(jcp-meta_box/jcp-meta_box_artiste_invite.php): failed to open stream: No such file or directory in /Users/julie/Documents/GitHub/wopi2021/wp-content/mu-plugins/jcp-meta_box.php on line 60
[20-Apr-2021 19:40:42 UTC] PHP Warning:  include(): Failed opening 'jcp-meta_box/jcp-meta_box_artiste_invite.php' for inclusion (include_path='.:/Applications/MAMP/bin/php/php7.4.9/lib/php') in /Users/julie/Documents/GitHub/wopi2021/wp-content/mu-plugins/jcp-meta_box.php on line 60
[20-Apr-2021 19:40:42 UTC] PHP Warning:  include(jcp-meta_box/jcp-meta_box_artiste_invite.php): failed to open stream: No such file or directory in /Users/julie/Documents/GitHub/wopi2021/wp-content/mu-plugins/jcp-meta_box.php on line 60
[20-Apr-2021 19:40:42 UTC] PHP Warning:  include(): Failed opening 'jcp-meta_box/jcp-meta_box_artiste_invite.php' for inclusion (include_path='.:/Applications/MAMP/bin/php/php7.4.9/lib/php') in /Users/julie/Documents/GitHub/wopi2021/wp-content/mu-plugins/jcp-meta_box.php on line 60
[20-Apr-2021 19:40:43 UTC] PHP Warning:  include(jcp-meta_box/jcp-meta_box_artiste_invite.php): failed to open stream: No such file or directory in /Users/julie/Documents/GitHub/wopi2021/wp-content/mu-plugins/jcp-meta_box.php on line 60
[20-Apr-2021 19:40:43 UTC] PHP Warning:  include(): Failed opening 'jcp-meta_box/jcp-meta_box_artiste_invite.php' for inclusion (include_path='.:/Applications/MAMP/bin/php/php7.4.9/lib/php') in /Users/julie/Documents/GitHub/wopi2021/wp-content/mu-plugins/jcp-meta_box.php on line 60
[20-Apr-2021 19:41:04 UTC] PHP Warning:  include(jcp-meta_box/jcp-meta_box_artiste_invite.php): failed to open stream: No such file or directory in /Users/julie/Documents/GitHub/wopi2021/wp-content/mu-plugins/jcp-meta_box.php on line 60
[20-Apr-2021 19:41:04 UTC] PHP Warning:  include(): Failed opening 'jcp-meta_box/jcp-meta_box_artiste_invite.php' for inclusion (include_path='.:/Applications/MAMP/bin/php/php7.4.9/lib/php') in /Users/julie/Documents/GitHub/wopi2021/wp-content/mu-plugins/jcp-meta_box.php on line 60
[20-Apr-2021 19:41:04 UTC] PHP Warning:  call_user_func_array() expects parameter 1 to be a valid callback, function 'jcp_metabox_save_artiste_invite' not found or invalid function name in /Users/julie/Documents/GitHub/wopi2021/wp-includes/class-wp-hook.php on line 294
[20-Apr-2021 19:41:05 UTC] PHP Warning:  include(jcp-meta_box/jcp-meta_box_artiste_invite.php): failed to open stream: No such file or directory in /Users/julie/Documents/GitHub/wopi2021/wp-content/mu-plugins/jcp-meta_box.php on line 60
[20-Apr-2021 19:41:05 UTC] PHP Warning:  include(): Failed opening 'jcp-meta_box/jcp-meta_box_artiste_invite.php' for inclusion (include_path='.:/Applications/MAMP/bin/php/php7.4.9/lib/php') in /Users/julie/Documents/GitHub/wopi2021/wp-content/mu-plugins/jcp-meta_box.php on line 60
[20-Apr-2021 19:41:06 UTC] PHP Warning:  call_user_func_array() expects parameter 1 to be a valid callback, function 'jcp_metabox_save_artiste_invite' not found or invalid function name in /Users/julie/Documents/GitHub/wopi2021/wp-includes/class-wp-hook.php on line 294
[20-Apr-2021 19:41:07 UTC] PHP Warning:  include(jcp-meta_box/jcp-meta_box_artiste_invite.php): failed to open stream: No such file or directory in /Users/julie/Documents/GitHub/wopi2021/wp-content/mu-plugins/jcp-meta_box.php on line 60
[20-Apr-2021 19:41:07 UTC] PHP Warning:  include(): Failed opening 'jcp-meta_box/jcp-meta_box_artiste_invite.php' for inclusion (include_path='.:/Applications/MAMP/bin/php/php7.4.9/lib/php') in /Users/julie/Documents/GitHub/wopi2021/wp-content/mu-plugins/jcp-meta_box.php on line 60
[20-Apr-2021 19:41:07 UTC] PHP Warning:  include(jcp-meta_box/jcp-meta_box_artiste_invite.php): failed to open stream: No such file or directory in /Users/julie/Documents/GitHub/wopi2021/wp-content/mu-plugins/jcp-meta_box.php on line 60
[20-Apr-2021 19:41:07 UTC] PHP Warning:  include(): Failed opening 'jcp-meta_box/jcp-meta_box_artiste_invite.php' for inclusion (include_path='.:/Applications/MAMP/bin/php/php7.4.9/lib/php') in /Users/julie/Documents/GitHub/wopi2021/wp-content/mu-plugins/jcp-meta_box.php on line 60
[20-Apr-2021 19:41:07 UTC] PHP Warning:  include(jcp-meta_box/jcp-meta_box_artiste_invite.php): failed to open stream: No such file or directory in /Users/julie/Documents/GitHub/wopi2021/wp-content/mu-plugins/jcp-meta_box.php on line 60
[20-Apr-2021 19:41:07 UTC] PHP Warning:  include(): Failed opening 'jcp-meta_box/jcp-meta_box_artiste_invite.php' for inclusion (include_path='.:/Applications/MAMP/bin/php/php7.4.9/lib/php') in /Users/julie/Documents/GitHub/wopi2021/wp-content/mu-plugins/jcp-meta_box.php on line 60
[20-Apr-2021 19:41:07 UTC] PHP Warning:  call_user_func_array() expects parameter 1 to be a valid callback, function 'jcp_declare_metabox_artiste_invite' not found or invalid function name in /Users/julie/Documents/GitHub/wopi2021/wp-includes/class-wp-hook.php on line 294
[20-Apr-2021 19:41:09 UTC] PHP Warning:  include(jcp-meta_box/jcp-meta_box_artiste_invite.php): failed to open stream: No such file or directory in /Users/julie/Documents/GitHub/wopi2021/wp-content/mu-plugins/jcp-meta_box.php on line 60
[20-Apr-2021 19:41:09 UTC] PHP Warning:  include(): Failed opening 'jcp-meta_box/jcp-meta_box_artiste_invite.php' for inclusion (include_path='.:/Applications/MAMP/bin/php/php7.4.9/lib/php') in /Users/julie/Documents/GitHub/wopi2021/wp-content/mu-plugins/jcp-meta_box.php on line 60
[20-Apr-2021 19:41:09 UTC] PHP Warning:  include(jcp-meta_box/jcp-meta_box_artiste_invite.php): failed to open stream: No such file or directory in /Users/julie/Documents/GitHub/wopi2021/wp-content/mu-plugins/jcp-meta_box.php on line 60
[20-Apr-2021 19:41:09 UTC] PHP Warning:  include(): Failed opening 'jcp-meta_box/jcp-meta_box_artiste_invite.php' for inclusion (include_path='.:/Applications/MAMP/bin/php/php7.4.9/lib/php') in /Users/julie/Documents/GitHub/wopi2021/wp-content/mu-plugins/jcp-meta_box.php on line 60
[20-Apr-2021 19:41:10 UTC] PHP Warning:  call_user_func_array() expects parameter 1 to be a valid callback, function 'jcp_declare_metabox_artiste_invite' not found or invalid function name in /Users/julie/Documents/GitHub/wopi2021/wp-includes/class-wp-hook.php on line 294
[20-Apr-2021 19:41:13 UTC] PHP Warning:  include(jcp-meta_box/jcp-meta_box_artiste_invite.php): failed to open stream: No such file or directory in /Users/julie/Documents/GitHub/wopi2021/wp-content/mu-plugins/jcp-meta_box.php on line 60
[20-Apr-2021 19:41:13 UTC] PHP Warning:  include(): Failed opening 'jcp-meta_box/jcp-meta_box_artiste_invite.php' for inclusion (include_path='.:/Applications/MAMP/bin/php/php7.4.9/lib/php') in /Users/julie/Documents/GitHub/wopi2021/wp-content/mu-plugins/jcp-meta_box.php on line 60
[20-Apr-2021 19:41:13 UTC] PHP Warning:  include(jcp-meta_box/jcp-meta_box_artiste_invite.php): failed to open stream: No such file or directory in /Users/julie/Documents/GitHub/wopi2021/wp-content/mu-plugins/jcp-meta_box.php on line 60
[20-Apr-2021 19:41:13 UTC] PHP Warning:  include(): Failed opening 'jcp-meta_box/jcp-meta_box_artiste_invite.php' for inclusion (include_path='.:/Applications/MAMP/bin/php/php7.4.9/lib/php') in /Users/julie/Documents/GitHub/wopi2021/wp-content/mu-plugins/jcp-meta_box.php on line 60
[20-Apr-2021 19:41:13 UTC] PHP Warning:  include(jcp-meta_box/jcp-meta_box_artiste_invite.php): failed to open stream: No such file or directory in /Users/julie/Documents/GitHub/wopi2021/wp-content/mu-plugins/jcp-meta_box.php on line 60
[20-Apr-2021 19:41:13 UTC] PHP Warning:  include(): Failed opening 'jcp-meta_box/jcp-meta_box_artiste_invite.php' for inclusion (include_path='.:/Applications/MAMP/bin/php/php7.4.9/lib/php') in /Users/julie/Documents/GitHub/wopi2021/wp-content/mu-plugins/jcp-meta_box.php on line 60
[20-Apr-2021 19:41:13 UTC] PHP Warning:  include(jcp-meta_box/jcp-meta_box_artiste_invite.php): failed to open stream: No such file or directory in /Users/julie/Documents/GitHub/wopi2021/wp-content/mu-plugins/jcp-meta_box.php on line 60
[20-Apr-2021 19:41:13 UTC] PHP Warning:  include(): Failed opening 'jcp-meta_box/jcp-meta_box_artiste_invite.php' for inclusion (include_path='.:/Applications/MAMP/bin/php/php7.4.9/lib/php') in /Users/julie/Documents/GitHub/wopi2021/wp-content/mu-plugins/jcp-meta_box.php on line 60
[20-Apr-2021 19:41:14 UTC] PHP Warning:  include(jcp-meta_box/jcp-meta_box_artiste_invite.php): failed to open stream: No such file or directory in /Users/julie/Documents/GitHub/wopi2021/wp-content/mu-plugins/jcp-meta_box.php on line 60
[20-Apr-2021 19:41:14 UTC] PHP Warning:  include(): Failed opening 'jcp-meta_box/jcp-meta_box_artiste_invite.php' for inclusion (include_path='.:/Applications/MAMP/bin/php/php7.4.9/lib/php') in /Users/julie/Documents/GitHub/wopi2021/wp-content/mu-plugins/jcp-meta_box.php on line 60
[20-Apr-2021 19:42:12 UTC] PHP Warning:  include(jcp-meta_box/jcp-meta_box_artiste_invite.php): failed to open stream: No such file or directory in /Users/julie/Documents/GitHub/wopi2021/wp-content/mu-plugins/jcp-meta_box.php on line 60
[20-Apr-2021 19:42:12 UTC] PHP Warning:  include(): Failed opening 'jcp-meta_box/jcp-meta_box_artiste_invite.php' for inclusion (include_path='.:/Applications/MAMP/bin/php/php7.4.9/lib/php') in /Users/julie/Documents/GitHub/wopi2021/wp-content/mu-plugins/jcp-meta_box.php on line 60
[20-Apr-2021 19:44:14 UTC] PHP Warning:  include(jcp-meta_box/jcp-meta_box_artiste_invite.php): failed to open stream: No such file or directory in /Users/julie/Documents/GitHub/wopi2021/wp-content/mu-plugins/jcp-meta_box.php on line 60
[20-Apr-2021 19:44:14 UTC] PHP Warning:  include(): Failed opening 'jcp-meta_box/jcp-meta_box_artiste_invite.php' for inclusion (include_path='.:/Applications/MAMP/bin/php/php7.4.9/lib/php') in /Users/julie/Documents/GitHub/wopi2021/wp-content/mu-plugins/jcp-meta_box.php on line 60
[20-Apr-2021 19:44:55 UTC] PHP Warning:  include(jcp-meta_box/jcp-meta_box_artiste_invite.php): failed to open stream: No such file or directory in /Users/julie/Documents/GitHub/wopi2021/wp-content/mu-plugins/jcp-meta_box.php on line 60
[20-Apr-2021 19:44:55 UTC] PHP Warning:  include(jcp-meta_box/jcp-meta_box_artiste_invite.php): failed to open stream: No such file or directory in /Users/julie/Documents/GitHub/wopi2021/wp-content/mu-plugins/jcp-meta_box.php on line 60
[20-Apr-2021 19:44:55 UTC] PHP Warning:  include(): Failed opening 'jcp-meta_box/jcp-meta_box_artiste_invite.php' for inclusion (include_path='.:/Applications/MAMP/bin/php/php7.4.9/lib/php') in /Users/julie/Documents/GitHub/wopi2021/wp-content/mu-plugins/jcp-meta_box.php on line 60
[20-Apr-2021 19:44:55 UTC] PHP Warning:  include(): Failed opening 'jcp-meta_box/jcp-meta_box_artiste_invite.php' for inclusion (include_path='.:/Applications/MAMP/bin/php/php7.4.9/lib/php') in /Users/julie/Documents/GitHub/wopi2021/wp-content/mu-plugins/jcp-meta_box.php on line 60
[20-Apr-2021 19:44:56 UTC] PHP Warning:  call_user_func_array() expects parameter 1 to be a valid callback, function 'jcp_declare_metabox_artiste_invite' not found or invalid function name in /Users/julie/Documents/GitHub/wopi2021/wp-includes/class-wp-hook.php on line 294
[20-Apr-2021 19:45:00 UTC] PHP Warning:  include(jcp-meta_box/jcp-meta_box_artiste_invite.php): failed to open stream: No such file or directory in /Users/julie/Documents/GitHub/wopi2021/wp-content/mu-plugins/jcp-meta_box.php on line 60
[20-Apr-2021 19:45:00 UTC] PHP Warning:  include(): Failed opening 'jcp-meta_box/jcp-meta_box_artiste_invite.php' for inclusion (include_path='.:/Applications/MAMP/bin/php/php7.4.9/lib/php') in /Users/julie/Documents/GitHub/wopi2021/wp-content/mu-plugins/jcp-meta_box.php on line 60
[20-Apr-2021 19:45:00 UTC] PHP Warning:  include(jcp-meta_box/jcp-meta_box_artiste_invite.php): failed to open stream: No such file or directory in /Users/julie/Documents/GitHub/wopi2021/wp-content/mu-plugins/jcp-meta_box.php on line 60
[20-Apr-2021 19:45:00 UTC] PHP Warning:  include(): Failed opening 'jcp-meta_box/jcp-meta_box_artiste_invite.php' for inclusion (include_path='.:/Applications/MAMP/bin/php/php7.4.9/lib/php') in /Users/julie/Documents/GitHub/wopi2021/wp-content/mu-plugins/jcp-meta_box.php on line 60
[20-Apr-2021 19:45:00 UTC] PHP Warning:  include(jcp-meta_box/jcp-meta_box_artiste_invite.php): failed to open stream: No such file or directory in /Users/julie/Documents/GitHub/wopi2021/wp-content/mu-plugins/jcp-meta_box.php on line 60
[20-Apr-2021 19:45:00 UTC] PHP Warning:  include(): Failed opening 'jcp-meta_box/jcp-meta_box_artiste_invite.php' for inclusion (include_path='.:/Applications/MAMP/bin/php/php7.4.9/lib/php') in /Users/julie/Documents/GitHub/wopi2021/wp-content/mu-plugins/jcp-meta_box.php on line 60
[20-Apr-2021 19:45:00 UTC] PHP Warning:  include(jcp-meta_box/jcp-meta_box_artiste_invite.php): failed to open stream: No such file or directory in /Users/julie/Documents/GitHub/wopi2021/wp-content/mu-plugins/jcp-meta_box.php on line 60
[20-Apr-2021 19:45:00 UTC] PHP Warning:  include(): Failed opening 'jcp-meta_box/jcp-meta_box_artiste_invite.php' for inclusion (include_path='.:/Applications/MAMP/bin/php/php7.4.9/lib/php') in /Users/julie/Documents/GitHub/wopi2021/wp-content/mu-plugins/jcp-meta_box.php on line 60
[20-Apr-2021 19:45:00 UTC] PHP Warning:  include(jcp-meta_box/jcp-meta_box_artiste_invite.php): failed to open stream: No such file or directory in /Users/julie/Documents/GitHub/wopi2021/wp-content/mu-plugins/jcp-meta_box.php on line 60
[20-Apr-2021 19:45:00 UTC] PHP Warning:  include(): Failed opening 'jcp-meta_box/jcp-meta_box_artiste_invite.php' for inclusion (include_path='.:/Applications/MAMP/bin/php/php7.4.9/lib/php') in /Users/julie/Documents/GitHub/wopi2021/wp-content/mu-plugins/jcp-meta_box.php on line 60
[20-Apr-2021 19:45:04 UTC] PHP Warning:  include(jcp-meta_box/jcp-meta_box_artiste_invite.php): failed to open stream: No such file or directory in /Users/julie/Documents/GitHub/wopi2021/wp-content/mu-plugins/jcp-meta_box.php on line 60
[20-Apr-2021 19:45:04 UTC] PHP Warning:  include(): Failed opening 'jcp-meta_box/jcp-meta_box_artiste_invite.php' for inclusion (include_path='.:/Applications/MAMP/bin/php/php7.4.9/lib/php') in /Users/julie/Documents/GitHub/wopi2021/wp-content/mu-plugins/jcp-meta_box.php on line 60
[20-Apr-2021 19:45:04 UTC] PHP Warning:  include(jcp-meta_box/jcp-meta_box_artiste_invite.php): failed to open stream: No such file or directory in /Users/julie/Documents/GitHub/wopi2021/wp-content/mu-plugins/jcp-meta_box.php on line 60
[20-Apr-2021 19:45:04 UTC] PHP Warning:  include(): Failed opening 'jcp-meta_box/jcp-meta_box_artiste_invite.php' for inclusion (include_path='.:/Applications/MAMP/bin/php/php7.4.9/lib/php') in /Users/julie/Documents/GitHub/wopi2021/wp-content/mu-plugins/jcp-meta_box.php on line 60
[20-Apr-2021 19:45:04 UTC] PHP Warning:  call_user_func_array() expects parameter 1 to be a valid callback, function 'jcp_declare_metabox_artiste_invite' not found or invalid function name in /Users/julie/Documents/GitHub/wopi2021/wp-includes/class-wp-hook.php on line 294
[20-Apr-2021 19:45:08 UTC] PHP Warning:  include(jcp-meta_box/jcp-meta_box_artiste_invite.php): failed to open stream: No such file or directory in /Users/julie/Documents/GitHub/wopi2021/wp-content/mu-plugins/jcp-meta_box.php on line 60
[20-Apr-2021 19:45:08 UTC] PHP Warning:  include(): Failed opening 'jcp-meta_box/jcp-meta_box_artiste_invite.php' for inclusion (include_path='.:/Applications/MAMP/bin/php/php7.4.9/lib/php') in /Users/julie/Documents/GitHub/wopi2021/wp-content/mu-plugins/jcp-meta_box.php on line 60
[20-Apr-2021 19:45:08 UTC] PHP Warning:  include(jcp-meta_box/jcp-meta_box_artiste_invite.php): failed to open stream: No such file or directory in /Users/julie/Documents/GitHub/wopi2021/wp-content/mu-plugins/jcp-meta_box.php on line 60
[20-Apr-2021 19:45:08 UTC] PHP Warning:  include(): Failed opening 'jcp-meta_box/jcp-meta_box_artiste_invite.php' for inclusion (include_path='.:/Applications/MAMP/bin/php/php7.4.9/lib/php') in /Users/julie/Documents/GitHub/wopi2021/wp-content/mu-plugins/jcp-meta_box.php on line 60
[20-Apr-2021 19:45:08 UTC] PHP Warning:  include(jcp-meta_box/jcp-meta_box_artiste_invite.php): failed to open stream: No such file or directory in /Users/julie/Documents/GitHub/wopi2021/wp-content/mu-plugins/jcp-meta_box.php on line 60
[20-Apr-2021 19:45:08 UTC] PHP Warning:  include(): Failed opening 'jcp-meta_box/jcp-meta_box_artiste_invite.php' for inclusion (include_path='.:/Applications/MAMP/bin/php/php7.4.9/lib/php') in /Users/julie/Documents/GitHub/wopi2021/wp-content/mu-plugins/jcp-meta_box.php on line 60
[20-Apr-2021 19:45:08 UTC] PHP Warning:  include(jcp-meta_box/jcp-meta_box_artiste_invite.php): failed to open stream: No such file or directory in /Users/julie/Documents/GitHub/wopi2021/wp-content/mu-plugins/jcp-meta_box.php on line 60
[20-Apr-2021 19:45:08 UTC] PHP Warning:  include(): Failed opening 'jcp-meta_box/jcp-meta_box_artiste_invite.php' for inclusion (include_path='.:/Applications/MAMP/bin/php/php7.4.9/lib/php') in /Users/julie/Documents/GitHub/wopi2021/wp-content/mu-plugins/jcp-meta_box.php on line 60
[20-Apr-2021 19:45:09 UTC] PHP Warning:  include(jcp-meta_box/jcp-meta_box_artiste_invite.php): failed to open stream: No such file or directory in /Users/julie/Documents/GitHub/wopi2021/wp-content/mu-plugins/jcp-meta_box.php on line 60
[20-Apr-2021 19:45:09 UTC] PHP Warning:  include(): Failed opening 'jcp-meta_box/jcp-meta_box_artiste_invite.php' for inclusion (include_path='.:/Applications/MAMP/bin/php/php7.4.9/lib/php') in /Users/julie/Documents/GitHub/wopi2021/wp-content/mu-plugins/jcp-meta_box.php on line 60
[20-Apr-2021 19:46:07 UTC] PHP Warning:  include(jcp-meta_box/jcp-meta_box_artiste_invite.php): failed to open stream: No such file or directory in /Users/julie/Documents/GitHub/wopi2021/wp-content/mu-plugins/jcp-meta_box.php on line 60
[20-Apr-2021 19:46:07 UTC] PHP Warning:  include(): Failed opening 'jcp-meta_box/jcp-meta_box_artiste_invite.php' for inclusion (include_path='.:/Applications/MAMP/bin/php/php7.4.9/lib/php') in /Users/julie/Documents/GitHub/wopi2021/wp-content/mu-plugins/jcp-meta_box.php on line 60
